D, [2017-07-14T07:57:57.599240 #21626] DEBUG -- :   [1m[36mMember Load (1.6ms)[0m  [1m[34mSELECT  `members`.* FROM `members` WHERE `members`.`username` = 'burfordan' LIMIT 1[0m
D, [2017-07-14T07:57:58.043187 #21626] DEBUG -- :   [1m[35m (0.7ms)[0m  [1m[35mBEGIN[0m
D, [2017-07-14T07:57:58.136632 #21626] DEBUG -- :   [1m[36mMember Load (1.6ms)[0m  [1m[34mSELECT  `members`.* FROM `members` WHERE `members`.`id` = 6 LIMIT 1[0m
D, [2017-07-14T07:57:58.215578 #21626] DEBUG -- :   [1m[36mRun Exists (8.7ms)[0m  [1m[34mSELECT  1 AS one FROM `runs` WHERE `runs`.`date` = '2017-07-13' AND `runs`.`member_id` = 6 LIMIT 1[0m
D, [2017-07-14T07:57:58.229248 #21626] DEBUG -- :   [1m[35mSQL (2.5ms)[0m  [1m[32mINSERT INTO `runs` (`distance`, `duration`, `title`, `note`, `created_at`, `updated_at`, `date`, `member_id`, `days_late`) VALUES (9.5, 3997, 'Run at home', 'I haven\'t ran this deep into raptor woods in a while. I did the largest loop possible on the trails that I knew and it ended up being 9 miles so I added a half mile at the end. I guess if I had kept running on the trail, I could have made it closer to 10 miles but that would include over a half mile of running back on the same trail I ran on at the beginning of the run and the goal was to maximize distance ran on a trail without redoing sections of trail. For the first 15 minutes of my run I got to experience the middle of one of the thunderstorms and it was awesome and exhilarating. Unfortunately, for the rest of the run it was just a light drizzle. But there were tons of fallen trees and branches laying on the trail and in the woods. While passing some of them I could even smell the strong scent of freshly cut wood.\r\n', '2017-07-14 11:57:58', '2017-07-14 11:57:58', '2017-07-13', 6, 0)[0m
D, [2017-07-14T07:57:58.339748 #21626] DEBUG -- :   [1m[35m (107.4ms)[0m  [1m[35mCOMMIT[0m
D, [2017-07-14T07:57:58.346309 #21626] DEBUG -- :   [1m[36mMember Load (1.7ms)[0m  [1m[34mSELECT  `members`.* FROM `members` WHERE `members`.`username` = 'Carpenteria18' LIMIT 1[0m
D, [2017-07-14T07:57:58.353552 #21626] DEBUG -- :   [1m[36mMember Load (1.8ms)[0m  [1m[34mSELECT  `members`.* FROM `members` WHERE `members`.`username` = 'ChenMa' LIMIT 1[0m
D, [2017-07-14T07:57:58.361204 #21626] DEBUG -- :   [1m[36mMember Load (1.9ms)[0m  [1m[34mSELECT  `members`.* FROM `members` WHERE `members`.`username` = 'CoachFaitsch' LIMIT 1[0m
D, [2017-07-14T07:57:58.365382 #21626] DEBUG -- :   [1m[35m (0.5ms)[0m  [1m[35mBEGIN[0m
D, [2017-07-14T07:57:58.373996 #21626] DEBUG -- :   [1m[36mMember Load (1.4ms)[0m  [1m[34mSELECT  `members`.* FROM `members` WHERE `members`.`id` = 56 LIMIT 1[0m
D, [2017-07-14T07:57:58.388219 #21626] DEBUG -- :   [1m[36mRun Exists (7.3ms)[0m  [1m[34mSELECT  1 AS one FROM `runs` WHERE `runs`.`date` = '2017-07-13' AND `runs`.`member_id` = 56 LIMIT 1[0m
D, [2017-07-14T07:57:58.398856 #21626] DEBUG -- :   [1m[35mSQL (1.4ms)[0m  [1m[32mINSERT INTO `runs` (`distance`, `duration`, `title`, `note`, `created_at`, `updated_at`, `date`, `member_id`, `days_late`) VALUES (3.4, 0, 'country day', '', '2017-07-14 11:57:58', '2017-07-14 11:57:58', '2017-07-13', 56, 0)[0m
D, [2017-07-14T07:57:58.429550 #21626] DEBUG -- :   [1m[35m (28.0ms)[0m  [1m[35mCOMMIT[0m
D, [2017-07-14T07:57:58.437342 #21626] DEBUG -- :   [1m[36mMember Load (1.8ms)[0m  [1m[34mSELECT  `members`.* FROM `members` WHERE `members`.`username` = 'Connor_Visnic' LIMIT 1[0m
D, [2017-07-14T07:57:58.441563 #21626] DEBUG -- :   [1m[35m (0.5ms)[0m  [1m[35mBEGIN[0m
D, [2017-07-14T07:57:58.449844 #21626] DEBUG -- :   [1m[36mMember Load (1.4ms)[0m  [1m[34mSELECT  `members`.* FROM `members` WHERE `members`.`id` = 7 LIMIT 1[0m
D, [2017-07-14T07:57:58.459928 #21626] DEBUG -- :   [1m[36mRun Exists (3.5ms)[0m  [1m[34mSELECT  1 AS one FROM `runs` WHERE `runs`.`date` = '2017-07-13' AND `runs`.`member_id` = 7 LIMIT 1[0m
D, [2017-07-14T07:57:58.470417 #21626] DEBUG -- :   [1m[35mSQL (1.3ms)[0m  [1m[32mINSERT INTO `runs` (`distance`, `duration`, `title`, `note`, `created_at`, `updated_at`, `date`, `member_id`, `days_late`) VALUES (4.0, 1696, 'Treadmill', 'Ran on the treadmill today. Felt decent \r\n', '2017-07-14 11:57:58', '2017-07-14 11:57:58', '2017-07-13', 7, 0)[0m
D, [2017-07-14T07:57:58.499612 #21626] DEBUG -- :   [1m[35m (26.6ms)[0m  [1m[35mCOMMIT[0m
D, [2017-07-14T07:57:58.506062 #21626] DEBUG -- :   [1m[36mMember Load (1.6ms)[0m  [1m[34mSELECT  `members`.* FROM `members` WHERE `members`.`username` = 'Blanchetteco20' LIMIT 1[0m
D, [2017-07-14T07:57:58.513256 #21626] DEBUG -- :   [1m[36mMember Load (1.7ms)[0m  [1m[34mSELECT  `members`.* FROM `members` WHERE `members`.`username` = 'DillJa' LIMIT 1[0m
D, [2017-07-14T07:57:58.520517 #21626] DEBUG -- :   [1m[36mMember Load (1.7ms)[0m  [1m[34mSELECT  `members`.* FROM `members` WHERE `members`.`username` = 'DillJo' LIMIT 1[0m
D, [2017-07-14T07:57:58.531897 #21626] DEBUG -- :   [1m[36mMember Load (1.6ms)[0m  [1m[34mSELECT  `members`.* FROM `members` WHERE `members`.`username` = 'floydma' LIMIT 1[0m
D, [2017-07-14T07:57:58.538499 #21626] DEBUG -- :   [1m[36mMember Load (1.5ms)[0m  [1m[34mSELECT  `members`.* FROM `members` WHERE `members`.`username` = 'fordjo' LIMIT 1[0m
D, [2017-07-14T07:57:58.544979 #21626] DEBUG -- :   [1m[36mMember Load (1.5ms)[0m  [1m[34mSELECT  `members`.* FROM `members` WHERE `members`.`username` = 'Fordry' LIMIT 1[0m
D, [2017-07-14T07:57:58.555203 #21626] DEBUG -- :   [1m[36mMember Load (1.8ms)[0m  [1m[34mSELECT  `members`.* FROM `members` WHERE `members`.`username` = 'gadar' LIMIT 1[0m
D, [2017-07-14T07:57:58.561635 #21626] DEBUG -- :   [1m[36mMember Load (1.8ms)[0m  [1m[34mSELECT  `members`.* FROM `members` WHERE `members`.`username` = 'GrossJa' LIMIT 1[0m
D, [2017-07-14T07:57:58.568763 #21626] DEBUG -- :   [1m[36mMember Load (1.6ms)[0m  [1m[34mSELECT  `members`.* FROM `members` WHERE `members`.`username` = 'barrosoju20' LIMIT 1[0m
D, [2017-07-14T07:57:58.576372 #21626] DEBUG -- :   [1m[35m (0.5ms)[0m  [1m[35mBEGIN[0m
D, [2017-07-14T07:57:58.584118 #21626] DEBUG -- :   [1m[36mMember Load (1.4ms)[0m  [1m[34mSELECT  `members`.* FROM `members` WHERE `members`.`id` = 24 LIMIT 1[0m
D, [2017-07-14T07:57:58.597476 #21626] DEBUG -- :   [1m[36mRun Exists (3.5ms)[0m  [1m[34mSELECT  1 AS one FROM `runs` WHERE `runs`.`date` = '2017-07-13' AND `runs`.`member_id` = 24 LIMIT 1[0m
D, [2017-07-14T07:57:58.610980 #21626] DEBUG -- :   [1m[35mSQL (1.3ms)[0m  [1m[32mINSERT INTO `runs` (`distance`, `duration`, `title`, `note`, `created_at`, `updated_at`, `date`, `member_id`, `days_late`) VALUES (6.0, 0, '', 'At home\r\n', '2017-07-14 11:57:58', '2017-07-14 11:57:58', '2017-07-13', 24, 0)[0m
D, [2017-07-14T07:57:58.640146 #21626] DEBUG -- :   [1m[35m (26.6ms)[0m  [1m[35mCOMMIT[0m
D, [2017-07-14T07:57:58.646523 #21626] DEBUG -- :   [1m[36mMember Load (1.9ms)[0m  [1m[34mSELECT  `members`.* FROM `members` WHERE `members`.`username` = 'KyJason' LIMIT 1[0m
D, [2017-07-14T07:57:58.652740 #21626] DEBUG -- :   [1m[36mMember Load (1.6ms)[0m  [1m[34mSELECT  `members`.* FROM `members` WHERE `members`.`username` = 'liamp0119' LIMIT 1[0m
D, [2017-07-14T07:57:58.663536 #21626] DEBUG -- :   [1m[36mMember Load (1.6ms)[0m  [1m[34mSELECT  `members`.* FROM `members` WHERE `members`.`username` = 'Mahlersa' LIMIT 1[0m
D, [2017-07-14T07:57:58.667526 #21626] DEBUG -- :   [1m[35m (0.5ms)[0m  [1m[35mBEGIN[0m
D, [2017-07-14T07:57:58.675785 #21626] DEBUG -- :   [1m[36mMember Load (1.4ms)[0m  [1m[34mSELECT  `members`.* FROM `members` WHERE `members`.`id` = 19 LIMIT 1[0m
D, [2017-07-14T07:57:58.691754 #21626] DEBUG -- :   [1m[36mRun Exists (6.2ms)[0m  [1m[34mSELECT  1 AS one FROM `runs` WHERE `runs`.`date` = '2017-07-13' AND `runs`.`member_id` = 19 LIMIT 1[0m
D, [2017-07-14T07:57:58.701930 #21626] DEBUG -- :   [1m[35mSQL (1.3ms)[0m  [1m[32mINSERT INTO `runs` (`distance`, `duration`, `title`, `note`, `created_at`, `updated_at`, `date`, `member_id`, `days_late`) VALUES (5.5, 0, 'Run from home', 'left knee hurts. i hate runs @ home\r\n', '2017-07-14 11:57:58', '2017-07-14 11:57:58', '2017-07-13', 19, 0)[0m
D, [2017-07-14T07:57:58.730967 #21626] DEBUG -- :   [1m[35m (26.5ms)[0m  [1m[35mCOMMIT[0m
D, [2017-07-14T07:57:58.740307 #21626] DEBUG -- :   [1m[36mMember Load (1.5ms)[0m  [1m[34mSELECT  `members`.* FROM `members` WHERE `members`.`username` = 'Martijaan20' LIMIT 1[0m
D, [2017-07-14T07:57:58.746945 #21626] DEBUG -- :   [1m[36mMember Load (1.6ms)[0m  [1m[34mSELECT  `members`.* FROM `members` WHERE `members`.`username` = 'matteija' LIMIT 1[0m
D, [2017-07-14T07:57:58.753740 #21626] DEBUG -- :   [1m[36mMember Load (1.8ms)[0m  [1m[34mSELECT  `members`.* FROM `members` WHERE `members`.`username` = 'mckeonwi' LIMIT 1[0m
D, [2017-07-14T07:57:58.763526 #21626] DEBUG -- :   [1m[36mMember Load (1.8ms)[0m  [1m[34mSELECT  `members`.* FROM `members` WHERE `members`.`username` = 'Neelamsa20' LIMIT 1[0m
D, [2017-07-14T07:57:58.769797 #21626] DEBUG -- :   [1m[36mMember Load (1.7ms)[0m  [1m[34mSELECT  `members`.* FROM `members` WHERE `members`.`username` = 'nemeceklu' LIMIT 1[0m
D, [2017-07-14T07:57:58.776415 #21626] DEBUG -- :   [1m[36mMember Load (1.6ms)[0m  [1m[34mSELECT  `members`.* FROM `members` WHERE `members`.`username` = 'paragassp19' LIMIT 1[0m
D, [2017-07-14T07:57:58.786485 #21626] DEBUG -- :   [1m[36mMember Load (1.6ms)[0m  [1m[34mSELECT  `members`.* FROM `members` WHERE `members`.`username` = 'RicciardiNick' LIMIT 1[0m
D, [2017-07-14T07:57:58.793400 #21626] DEBUG -- :   [1m[36mMember Load (1.8ms)[0m  [1m[34mSELECT  `members`.* FROM `members` WHERE `members`.`username` = 'Royty' LIMIT 1[0m
D, [2017-07-14T07:57:58.800420 #21626] DEBUG -- :   [1m[36mMember Load (1.8ms)[0m  [1m[34mSELECT  `members`.* FROM `members` WHERE `members`.`username` = 'saubermanbe' LIMIT 1[0m
D, [2017-07-14T07:57:58.810583 #21626] DEBUG -- :   [1m[36mMember Load (1.8ms)[0m  [1m[34mSELECT  `members`.* FROM `members` WHERE `members`.`username` = 'leese20' LIMIT 1[0m
D, [2017-07-14T07:57:58.816547 #21626] DEBUG -- :   [1m[36mMember Load (1.4ms)[0m  [1m[34mSELECT  `members`.* FROM `members` WHERE `members`.`username` = 'shepardsp' LIMIT 1[0m
D, [2017-07-14T07:57:58.823115 #21626] DEBUG -- :   [1m[36mMember Load (1.6ms)[0m  [1m[34mSELECT  `members`.* FROM `members` WHERE `members`.`username` = 'MiddleEasternBoi' LIMIT 1[0m
D, [2017-07-14T07:57:58.833604 #21626] DEBUG -- :   [1m[36mMember Load (1.7ms)[0m  [1m[34mSELECT  `members`.* FROM `members` WHERE `members`.`username` = 'stardellisna' LIMIT 1[0m
D, [2017-07-14T07:57:58.840278 #21626] DEBUG -- :   [1m[36mMember Load (1.5ms)[0m  [1m[34mSELECT  `members`.* FROM `members` WHERE `members`.`username` = 'SugarmannDa' LIMIT 1[0m
D, [2017-07-14T07:57:58.851708 #21626] DEBUG -- :   [1m[36mMember Load (1.5ms)[0m  [1m[34mSELECT  `members`.* FROM `members` WHERE `members`.`username` = 'sugarmannjo' LIMIT 1[0m
D, [2017-07-14T07:57:58.855552 #21626] DEBUG -- :   [1m[35m (0.5ms)[0m  [1m[35mBEGIN[0m
D, [2017-07-14T07:57:58.863436 #21626] DEBUG -- :   [1m[36mMember Load (1.4ms)[0m  [1m[34mSELECT  `members`.* FROM `members` WHERE `members`.`id` = 16 LIMIT 1[0m
D, [2017-07-14T07:57:58.878022 #21626] DEBUG -- :   [1m[36mRun Exists (4.8ms)[0m  [1m[34mSELECT  1 AS one FROM `runs` WHERE `runs`.`date` = '2017-07-13' AND `runs`.`member_id` = 16 LIMIT 1[0m
D, [2017-07-14T07:57:58.888162 #21626] DEBUG -- :   [1m[35mSQL (1.5ms)[0m  [1m[32mINSERT INTO `runs` (`distance`, `duration`, `title`, `note`, `created_at`, `updated_at`, `date`, `member_id`, `days_late`) VALUES (4.2, 2080, 'Home Run to Dodge the Rain', 'I\'m disappointed that I didn\'t get to run in the rain, but I\'m happy that I could catch s break in the storm and still get a run in today. Good pacing. First half: 17:25. Second half: 17:15. Only ran the shorter boring home run cuz my parents told me it was too unsafe to run alone in the woods on account of falling trees :( \r\n', '2017-07-14 11:57:58', '2017-07-14 11:57:58', '2017-07-13', 16, 0)[0m
D, [2017-07-14T07:57:58.920825 #21626] DEBUG -- :   [1m[35m (26.7ms)[0m  [1m[35mCOMMIT[0m
D, [2017-07-14T07:57:58.927091 #21626] DEBUG -- :   [1m[36mMember Load (1.8ms)[0m  [1m[34mSELECT  `members`.* FROM `members` WHERE `members`.`username` = 'TomAn' LIMIT 1[0m
D, [2017-07-14T07:57:58.933695 #21626] DEBUG -- :   [1m[36mMember Load (1.6ms)[0m  [1m[34mSELECT  `members`.* FROM `members` WHERE `members`.`username` = 'vilayin20' LIMIT 1[0m
D, [2017-07-14T07:57:58.940686 #21626] DEBUG -- :   [1m[36mMember Load (1.9ms)[0m  [1m[34mSELECT  `members`.* FROM `members` WHERE `members`.`username` = 'Zhongri' LIMIT 1[0m
D, [2017-07-14T17:20:48.586365 #13457] DEBUG -- :   [1m[36mMember Load (0.9ms)[0m  [1m[34mSELECT  `members`.* FROM `members` WHERE `members`.`username` = 'burfordan' LIMIT 1[0m
D, [2017-07-14T17:20:48.840216 #13457] DEBUG -- :   [1m[35m (18.5ms)[0m  [1m[35mBEGIN[0m
D, [2017-07-14T17:20:48.960401 #13457] DEBUG -- :   [1m[36mMember Load (27.9ms)[0m  [1m[34mSELECT  `members`.* FROM `members` WHERE `members`.`id` = 6 LIMIT 1[0m
D, [2017-07-14T17:20:49.118286 #13457] DEBUG -- :   [1m[36mRun Exists (87.8ms)[0m  [1m[34mSELECT  1 AS one FROM `runs` WHERE `runs`.`date` = '2017-07-13' AND `runs`.`member_id` = 6 LIMIT 1[0m
D, [2017-07-14T17:20:49.207605 #13457] DEBUG -- :   [1m[35m (19.8ms)[0m  [1m[31mROLLBACK[0m
D, [2017-07-14T17:20:49.217299 #13457] DEBUG -- :   [1m[36mMember Load (0.8ms)[0m  [1m[34mSELECT  `members`.* FROM `members` WHERE `members`.`username` = 'Carpenteria18' LIMIT 1[0m
D, [2017-07-14T17:20:49.222930 #13457] DEBUG -- :   [1m[36mMember Load (0.6ms)[0m  [1m[34mSELECT  `members`.* FROM `members` WHERE `members`.`username` = 'ChenMa' LIMIT 1[0m
D, [2017-07-14T17:20:49.229065 #13457] DEBUG -- :   [1m[36mMember Load (0.6ms)[0m  [1m[34mSELECT  `members`.* FROM `members` WHERE `members`.`username` = 'CoachFaitsch' LIMIT 1[0m
D, [2017-07-14T17:20:49.236689 #13457] DEBUG -- :   [1m[35m (0.5ms)[0m  [1m[35mBEGIN[0m
D, [2017-07-14T17:20:49.249423 #13457] DEBUG -- :   [1m[36mMember Load (0.7ms)[0m  [1m[34mSELECT  `members`.* FROM `members` WHERE `members`.`id` = 56 LIMIT 1[0m
D, [2017-07-14T17:20:49.262905 #13457] DEBUG -- :   [1m[36mRun Exists (7.1ms)[0m  [1m[34mSELECT  1 AS one FROM `runs` WHERE `runs`.`date` = '2017-07-13' AND `runs`.`member_id` = 56 LIMIT 1[0m
D, [2017-07-14T17:20:49.272738 #13457] DEBUG -- :   [1m[35m (0.7ms)[0m  [1m[31mROLLBACK[0m
D, [2017-07-14T17:20:49.279736 #13457] DEBUG -- :   [1m[36mMember Load (0.7ms)[0m  [1m[34mSELECT  `members`.* FROM `members` WHERE `members`.`username` = 'Connor_Visnic' LIMIT 1[0m
D, [2017-07-14T17:20:49.287421 #13457] DEBUG -- :   [1m[35m (0.5ms)[0m  [1m[35mBEGIN[0m
D, [2017-07-14T17:20:49.295362 #13457] DEBUG -- :   [1m[36mMember Load (0.7ms)[0m  [1m[34mSELECT  `members`.* FROM `members` WHERE `members`.`id` = 7 LIMIT 1[0m
D, [2017-07-14T17:20:49.309814 #13457] DEBUG -- :   [1m[36mRun Exists (3.4ms)[0m  [1m[34mSELECT  1 AS one FROM `runs` WHERE `runs`.`date` = '2017-07-13' AND `runs`.`member_id` = 7 LIMIT 1[0m
D, [2017-07-14T17:20:49.316002 #13457] DEBUG -- :   [1m[35m (0.7ms)[0m  [1m[31mROLLBACK[0m
D, [2017-07-14T17:20:49.325256 #13457] DEBUG -- :   [1m[36mMember Load (0.8ms)[0m  [1m[34mSELECT  `members`.* FROM `members` WHERE `members`.`username` = 'Blanchetteco20' LIMIT 1[0m
D, [2017-07-14T17:20:49.331072 #13457] DEBUG -- :   [1m[36mMember Load (0.7ms)[0m  [1m[34mSELECT  `members`.* FROM `members` WHERE `members`.`username` = 'DillJa' LIMIT 1[0m
D, [2017-07-14T17:20:49.336786 #13457] DEBUG -- :   [1m[36mMember Load (0.8ms)[0m  [1m[34mSELECT  `members`.* FROM `members` WHERE `members`.`username` = 'DillJo' LIMIT 1[0m
D, [2017-07-14T17:20:49.345910 #13457] DEBUG -- :   [1m[36mMember Load (0.8ms)[0m  [1m[34mSELECT  `members`.* FROM `members` WHERE `members`.`username` = 'floydma' LIMIT 1[0m
D, [2017-07-14T17:20:49.351643 #13457] DEBUG -- :   [1m[36mMember Load (0.8ms)[0m  [1m[34mSELECT  `members`.* FROM `members` WHERE `members`.`username` = 'fordjo' LIMIT 1[0m
D, [2017-07-14T17:20:49.357389 #13457] DEBUG -- :   [1m[36mMember Load (0.8ms)[0m  [1m[34mSELECT  `members`.* FROM `members` WHERE `members`.`username` = 'Fordry' LIMIT 1[0m
D, [2017-07-14T17:20:49.366574 #13457] DEBUG -- :   [1m[36mMember Load (0.8ms)[0m  [1m[34mSELECT  `members`.* FROM `members` WHERE `members`.`username` = 'gadar' LIMIT 1[0m
D, [2017-07-14T17:20:49.371758 #13457] DEBUG -- :   [1m[36mMember Load (0.8ms)[0m  [1m[34mSELECT  `members`.* FROM `members` WHERE `members`.`username` = 'GrossJa' LIMIT 1[0m
D, [2017-07-14T17:20:49.377913 #13457] DEBUG -- :   [1m[36mMember Load (0.8ms)[0m  [1m[34mSELECT  `members`.* FROM `members` WHERE `members`.`username` = 'barrosoju20' LIMIT 1[0m
D, [2017-07-14T17:20:49.385651 #13457] DEBUG -- :   [1m[35m (0.6ms)[0m  [1m[35mBEGIN[0m
D, [2017-07-14T17:20:49.392877 #13457] DEBUG -- :   [1m[36mMember Load (0.9ms)[0m  [1m[34mSELECT  `members`.* FROM `members` WHERE `members`.`id` = 24 LIMIT 1[0m
D, [2017-07-14T17:20:49.406397 #13457] DEBUG -- :   [1m[36mRun Exists (3.4ms)[0m  [1m[34mSELECT  1 AS one FROM `runs` WHERE `runs`.`date` = '2017-07-13' AND `runs`.`member_id` = 24 LIMIT 1[0m
D, [2017-07-14T17:20:49.412852 #13457] DEBUG -- :   [1m[35m (0.7ms)[0m  [1m[31mROLLBACK[0m
D, [2017-07-14T17:20:49.422554 #13457] DEBUG -- :   [1m[36mMember Load (0.8ms)[0m  [1m[34mSELECT  `members`.* FROM `members` WHERE `members`.`username` = 'KyJason' LIMIT 1[0m
D, [2017-07-14T17:20:49.427884 #13457] DEBUG -- :   [1m[36mMember Load (0.7ms)[0m  [1m[34mSELECT  `members`.* FROM `members` WHERE `members`.`username` = 'liamp0119' LIMIT 1[0m
D, [2017-07-14T17:20:49.434142 #13457] DEBUG -- :   [1m[36mMember Load (0.8ms)[0m  [1m[34mSELECT  `members`.* FROM `members` WHERE `members`.`username` = 'Mahlersa' LIMIT 1[0m
D, [2017-07-14T17:20:49.438123 #13457] DEBUG -- :   [1m[35m (0.6ms)[0m  [1m[35mBEGIN[0m
D, [2017-07-14T17:20:49.449177 #13457] DEBUG -- :   [1m[36mMember Load (0.8ms)[0m  [1m[34mSELECT  `members`.* FROM `members` WHERE `members`.`id` = 19 LIMIT 1[0m
D, [2017-07-14T17:20:49.461518 #13457] DEBUG -- :   [1m[36mRun Exists (6.1ms)[0m  [1m[34mSELECT  1 AS one FROM `runs` WHERE `runs`.`date` = '2017-07-13' AND `runs`.`member_id` = 19 LIMIT 1[0m
D, [2017-07-14T17:20:49.471475 #13457] DEBUG -- :   [1m[35m (0.7ms)[0m  [1m[31mROLLBACK[0m
D, [2017-07-14T17:20:49.477245 #13457] DEBUG -- :   [1m[36mMember Load (0.8ms)[0m  [1m[34mSELECT  `members`.* FROM `members` WHERE `members`.`username` = 'Martijaan20' LIMIT 1[0m
D, [2017-07-14T17:20:49.482817 #13457] DEBUG -- :   [1m[36mMember Load (0.6ms)[0m  [1m[34mSELECT  `members`.* FROM `members` WHERE `members`.`username` = 'matteija' LIMIT 1[0m
D, [2017-07-14T17:20:49.488380 #13457] DEBUG -- :   [1m[36mMember Load (0.6ms)[0m  [1m[34mSELECT  `members`.* FROM `members` WHERE `members`.`username` = 'mckeonwi' LIMIT 1[0m
D, [2017-07-14T17:20:49.497008 #13457] DEBUG -- :   [1m[36mMember Load (0.8ms)[0m  [1m[34mSELECT  `members`.* FROM `members` WHERE `members`.`username` = 'Neelamsa20' LIMIT 1[0m
D, [2017-07-14T17:20:49.501997 #13457] DEBUG -- :   [1m[36mMember Load (0.6ms)[0m  [1m[34mSELECT  `members`.* FROM `members` WHERE `members`.`username` = 'nemeceklu' LIMIT 1[0m
D, [2017-07-14T17:20:49.507606 #13457] DEBUG -- :   [1m[36mMember Load (0.7ms)[0m  [1m[34mSELECT  `members`.* FROM `members` WHERE `members`.`username` = 'paragassp19' LIMIT 1[0m
D, [2017-07-14T17:20:49.516796 #13457] DEBUG -- :   [1m[36mMember Load (0.8ms)[0m  [1m[34mSELECT  `members`.* FROM `members` WHERE `members`.`username` = 'RicciardiNick' LIMIT 1[0m
D, [2017-07-14T17:20:49.522266 #13457] DEBUG -- :   [1m[36mMember Load (0.6ms)[0m  [1m[34mSELECT  `members`.* FROM `members` WHERE `members`.`username` = 'Royty' LIMIT 1[0m
D, [2017-07-14T17:20:49.531323 #13457] DEBUG -- :   [1m[36mMember Load (0.7ms)[0m  [1m[34mSELECT  `members`.* FROM `members` WHERE `members`.`username` = 'saubermanbe' LIMIT 1[0m
D, [2017-07-14T17:20:49.536918 #13457] DEBUG -- :   [1m[36mMember Load (0.7ms)[0m  [1m[34mSELECT  `members`.* FROM `members` WHERE `members`.`username` = 'leese20' LIMIT 1[0m
D, [2017-07-14T17:20:49.542027 #13457] DEBUG -- :   [1m[36mMember Load (0.7ms)[0m  [1m[34mSELECT  `members`.* FROM `members` WHERE `members`.`username` = 'shepardsp' LIMIT 1[0m
D, [2017-07-14T17:20:49.547622 #13457] DEBUG -- :   [1m[36mMember Load (0.6ms)[0m  [1m[34mSELECT  `members`.* FROM `members` WHERE `members`.`username` = 'MiddleEasternBoi' LIMIT 1[0m
D, [2017-07-14T17:20:49.557204 #13457] DEBUG -- :   [1m[36mMember Load (0.8ms)[0m  [1m[34mSELECT  `members`.* FROM `members` WHERE `members`.`username` = 'stardellisna' LIMIT 1[0m
D, [2017-07-14T17:20:49.562654 #13457] DEBUG -- :   [1m[36mMember Load (0.6ms)[0m  [1m[34mSELECT  `members`.* FROM `members` WHERE `members`.`username` = 'SugarmannDa' LIMIT 1[0m
D, [2017-07-14T17:20:49.569485 #13457] DEBUG -- :   [1m[36mMember Load (0.7ms)[0m  [1m[34mSELECT  `members`.* FROM `members` WHERE `members`.`username` = 'sugarmannjo' LIMIT 1[0m
D, [2017-07-14T17:20:49.577181 #13457] DEBUG -- :   [1m[35m (0.7ms)[0m  [1m[35mBEGIN[0m
D, [2017-07-14T17:20:49.584154 #13457] DEBUG -- :   [1m[36mMember Load (0.7ms)[0m  [1m[34mSELECT  `members`.* FROM `members` WHERE `members`.`id` = 16 LIMIT 1[0m
D, [2017-07-14T17:20:49.599174 #13457] DEBUG -- :   [1m[36mRun Exists (4.7ms)[0m  [1m[34mSELECT  1 AS one FROM `runs` WHERE `runs`.`date` = '2017-07-13' AND `runs`.`member_id` = 16 LIMIT 1[0m
D, [2017-07-14T17:20:49.605188 #13457] DEBUG -- :   [1m[35m (0.6ms)[0m  [1m[31mROLLBACK[0m
D, [2017-07-14T17:20:49.610929 #13457] DEBUG -- :   [1m[36mMember Load (0.7ms)[0m  [1m[34mSELECT  `members`.* FROM `members` WHERE `members`.`username` = 'TomAn' LIMIT 1[0m
D, [2017-07-14T17:20:49.616548 #13457] DEBUG -- :   [1m[36mMember Load (0.6ms)[0m  [1m[34mSELECT  `members`.* FROM `members` WHERE `members`.`username` = 'vilayin20' LIMIT 1[0m
D, [2017-07-14T17:20:49.628275 #13457] DEBUG -- :   [1m[36mMember Load (0.6ms)[0m  [1m[34mSELECT  `members`.* FROM `members` WHERE `members`.`username` = 'Zhongri' LIMIT 1[0m
D, [2017-07-14T17:20:49.768868 #13457] DEBUG -- :   [1m[36mMember Load (0.7ms)[0m  [1m[34mSELECT  `members`.* FROM `members` WHERE `members`.`username` = 'burfordan' LIMIT 1[0m
D, [2017-07-14T17:20:49.775429 #13457] DEBUG -- :   [1m[35m (0.6ms)[0m  [1m[35mBEGIN[0m
D, [2017-07-14T17:20:49.782455 #13457] DEBUG -- :   [1m[36mMember Load (0.7ms)[0m  [1m[34mSELECT  `members`.* FROM `members` WHERE `members`.`id` = 6 LIMIT 1[0m
D, [2017-07-14T17:20:49.794861 #13457] DEBUG -- :   [1m[36mRun Exists (1.7ms)[0m  [1m[34mSELECT  1 AS one FROM `runs` WHERE `runs`.`date` = '2017-07-12' AND `runs`.`member_id` = 6 LIMIT 1[0m
D, [2017-07-14T17:20:49.845033 #13457] DEBUG -- :   [1m[35m (0.7ms)[0m  [1m[31mROLLBACK[0m
D, [2017-07-14T17:20:49.850709 #13457] DEBUG -- :   [1m[36mMember Load (0.7ms)[0m  [1m[34mSELECT  `members`.* FROM `members` WHERE `members`.`username` = 'Carpenteria18' LIMIT 1[0m
D, [2017-07-14T17:20:49.856583 #13457] DEBUG -- :   [1m[36mMember Load (0.7ms)[0m  [1m[34mSELECT  `members`.* FROM `members` WHERE `members`.`username` = 'ChenMa' LIMIT 1[0m
D, [2017-07-14T17:20:49.862410 #13457] DEBUG -- :   [1m[36mMember Load (0.6ms)[0m  [1m[34mSELECT  `members`.* FROM `members` WHERE `members`.`username` = 'CoachFaitsch' LIMIT 1[0m
D, [2017-07-14T17:20:49.866108 #13457] DEBUG -- :   [1m[35m (0.5ms)[0m  [1m[35mBEGIN[0m
D, [2017-07-14T17:20:49.873382 #13457] DEBUG -- :   [1m[36mMember Load (0.7ms)[0m  [1m[34mSELECT  `members`.* FROM `members` WHERE `members`.`id` = 56 LIMIT 1[0m
D, [2017-07-14T17:20:49.881110 #13457] DEBUG -- :   [1m[36mRun Exists (1.7ms)[0m  [1m[34mSELECT  1 AS one FROM `runs` WHERE `runs`.`date` = '2017-07-12' AND `runs`.`member_id` = 56 LIMIT 1[0m
D, [2017-07-14T17:20:49.887191 #13457] DEBUG -- :   [1m[35m (0.7ms)[0m  [1m[31mROLLBACK[0m
D, [2017-07-14T17:20:49.894343 #13457] DEBUG -- :   [1m[36mMember Load (0.7ms)[0m  [1m[34mSELECT  `members`.* FROM `members` WHERE `members`.`username` = 'Connor_Visnic' LIMIT 1[0m
D, [2017-07-14T17:20:49.898339 #13457] DEBUG -- :   [1m[35m (0.5ms)[0m  [1m[35mBEGIN[0m
D, [2017-07-14T17:20:49.905179 #13457] DEBUG -- :   [1m[36mMember Load (0.7ms)[0m  [1m[34mSELECT  `members`.* FROM `members` WHERE `members`.`id` = 7 LIMIT 1[0m
D, [2017-07-14T17:20:49.913232 #13457] DEBUG -- :   [1m[36mRun Exists (1.7ms)[0m  [1m[34mSELECT  1 AS one FROM `runs` WHERE `runs`.`date` = '2017-07-12' AND `runs`.`member_id` = 7 LIMIT 1[0m
D, [2017-07-14T17:20:49.919353 #13457] DEBUG -- :   [1m[35m (0.6ms)[0m  [1m[31mROLLBACK[0m
D, [2017-07-14T17:20:49.925841 #13457] DEBUG -- :   [1m[36mMember Load (0.7ms)[0m  [1m[34mSELECT  `members`.* FROM `members` WHERE `members`.`username` = 'Blanchetteco20' LIMIT 1[0m
D, [2017-07-14T17:20:49.929948 #13457] DEBUG -- :   [1m[35m (0.5ms)[0m  [1m[35mBEGIN[0m
D, [2017-07-14T17:20:49.950458 #13457] DEBUG -- :   [1m[36mMember Load (14.2ms)[0m  [1m[34mSELECT  `members`.* FROM `members` WHERE `members`.`id` = 21 LIMIT 1[0m
D, [2017-07-14T17:20:49.958610 #13457] DEBUG -- :   [1m[36mRun Exists (1.8ms)[0m  [1m[34mSELECT  1 AS one FROM `runs` WHERE `runs`.`date` = '2017-07-12' AND `runs`.`member_id` = 21 LIMIT 1[0m
D, [2017-07-14T17:20:49.964774 #13457] DEBUG -- :   [1m[35m (0.6ms)[0m  [1m[31mROLLBACK[0m
D, [2017-07-14T17:20:49.970788 #13457] DEBUG -- :   [1m[36mMember Load (0.7ms)[0m  [1m[34mSELECT  `members`.* FROM `members` WHERE `members`.`username` = 'DillJa' LIMIT 1[0m
D, [2017-07-14T17:20:49.976714 #13457] DEBUG -- :   [1m[36mMember Load (0.7ms)[0m  [1m[34mSELECT  `members`.* FROM `members` WHERE `members`.`username` = 'DillJo' LIMIT 1[0m
D, [2017-07-14T17:20:49.982176 #13457] DEBUG -- :   [1m[36mMember Load (0.6ms)[0m  [1m[34mSELECT  `members`.* FROM `members` WHERE `members`.`username` = 'floydma' LIMIT 1[0m
D, [2017-07-14T17:20:49.987720 #13457] DEBUG -- :   [1m[36mMember Load (0.6ms)[0m  [1m[34mSELECT  `members`.* FROM `members` WHERE `members`.`username` = 'fordjo' LIMIT 1[0m
D, [2017-07-14T17:20:49.993588 #13457] DEBUG -- :   [1m[36mMember Load (0.6ms)[0m  [1m[34mSELECT  `members`.* FROM `members` WHERE `members`.`username` = 'Fordry' LIMIT 1[0m
D, [2017-07-14T17:20:49.999106 #13457] DEBUG -- :   [1m[36mMember Load (0.6ms)[0m  [1m[34mSELECT  `members`.* FROM `members` WHERE `members`.`username` = 'gadar' LIMIT 1[0m
D, [2017-07-14T17:20:50.004067 #13457] DEBUG -- :   [1m[36mMember Load (0.6ms)[0m  [1m[34mSELECT  `members`.* FROM `members` WHERE `members`.`username` = 'GrossJa' LIMIT 1[0m
D, [2017-07-14T17:20:50.010163 #13457] DEBUG -- :   [1m[36mMember Load (0.6ms)[0m  [1m[34mSELECT  `members`.* FROM `members` WHERE `members`.`username` = 'barrosoju20' LIMIT 1[0m
D, [2017-07-14T17:20:50.013953 #13457] DEBUG -- :   [1m[35m (0.5ms)[0m  [1m[35mBEGIN[0m
D, [2017-07-14T17:20:50.021006 #13457] DEBUG -- :   [1m[36mMember Load (0.7ms)[0m  [1m[34mSELECT  `members`.* FROM `members` WHERE `members`.`id` = 24 LIMIT 1[0m
D, [2017-07-14T17:20:50.029251 #13457] DEBUG -- :   [1m[36mRun Exists (1.7ms)[0m  [1m[34mSELECT  1 AS one FROM `runs` WHERE `runs`.`date` = '2017-07-12' AND `runs`.`member_id` = 24 LIMIT 1[0m
D, [2017-07-14T17:20:50.035240 #13457] DEBUG -- :   [1m[35m (0.6ms)[0m  [1m[31mROLLBACK[0m
D, [2017-07-14T17:20:50.040807 #13457] DEBUG -- :   [1m[36mMember Load (0.7ms)[0m  [1m[34mSELECT  `members`.* FROM `members` WHERE `members`.`username` = 'KyJason' LIMIT 1[0m
D, [2017-07-14T17:20:50.045740 #13457] DEBUG -- :   [1m[36mMember Load (0.6ms)[0m  [1m[34mSELECT  `members`.* FROM `members` WHERE `members`.`username` = 'liamp0119' LIMIT 1[0m
D, [2017-07-14T17:20:50.052928 #13457] DEBUG -- :   [1m[36mMember Load (0.7ms)[0m  [1m[34mSELECT  `members`.* FROM `members` WHERE `members`.`username` = 'Mahlersa' LIMIT 1[0m
D, [2017-07-14T17:20:50.056725 #13457] DEBUG -- :   [1m[35m (0.5ms)[0m  [1m[35mBEGIN[0m
D, [2017-07-14T17:20:50.063579 #13457] DEBUG -- :   [1m[36mMember Load (0.7ms)[0m  [1m[34mSELECT  `members`.* FROM `members` WHERE `members`.`id` = 19 LIMIT 1[0m
D, [2017-07-14T17:20:50.076428 #13457] DEBUG -- :   [1m[36mRun Exists (6.1ms)[0m  [1m[34mSELECT  1 AS one FROM `runs` WHERE `runs`.`date` = '2017-07-12' AND `runs`.`member_id` = 19 LIMIT 1[0m
D, [2017-07-14T17:20:50.082424 #13457] DEBUG -- :   [1m[35m (0.6ms)[0m  [1m[31mROLLBACK[0m
D, [2017-07-14T17:20:50.088116 #13457] DEBUG -- :   [1m[36mMember Load (0.7ms)[0m  [1m[34mSELECT  `members`.* FROM `members` WHERE `members`.`username` = 'Martijaan20' LIMIT 1[0m
D, [2017-07-14T17:20:50.094491 #13457] DEBUG -- :   [1m[36mMember Load (0.7ms)[0m  [1m[34mSELECT  `members`.* FROM `members` WHERE `members`.`username` = 'matteija' LIMIT 1[0m
D, [2017-07-14T17:20:50.098411 #13457] DEBUG -- :   [1m[35m (0.5ms)[0m  [1m[35mBEGIN[0m
D, [2017-07-14T17:20:50.106000 #13457] DEBUG -- :   [1m[36mMember Load (1.4ms)[0m  [1m[34mSELECT  `members`.* FROM `members` WHERE `members`.`id` = 18 LIMIT 1[0m
D, [2017-07-14T17:20:50.114492 #13457] DEBUG -- :   [1m[36mRun Exists (1.8ms)[0m  [1m[34mSELECT  1 AS one FROM `runs` WHERE `runs`.`date` = '2017-07-12' AND `runs`.`member_id` = 18 LIMIT 1[0m
D, [2017-07-14T17:20:50.120608 #13457] DEBUG -- :   [1m[35m (0.6ms)[0m  [1m[31mROLLBACK[0m
D, [2017-07-14T17:20:50.126764 #13457] DEBUG -- :   [1m[36mMember Load (0.7ms)[0m  [1m[34mSELECT  `members`.* FROM `members` WHERE `members`.`username` = 'mckeonwi' LIMIT 1[0m
D, [2017-07-14T17:20:50.132033 #13457] DEBUG -- :   [1m[36mMember Load (0.7ms)[0m  [1m[34mSELECT  `members`.* FROM `members` WHERE `members`.`username` = 'Neelamsa20' LIMIT 1[0m
D, [2017-07-14T17:20:50.137089 #13457] DEBUG -- :   [1m[36mMember Load (0.8ms)[0m  [1m[34mSELECT  `members`.* FROM `members` WHERE `members`.`username` = 'nemeceklu' LIMIT 1[0m
D, [2017-07-14T17:20:50.143921 #13457] DEBUG -- :   [1m[36mMember Load (0.7ms)[0m  [1m[34mSELECT  `members`.* FROM `members` WHERE `members`.`username` = 'paragassp19' LIMIT 1[0m
D, [2017-07-14T17:20:50.147786 #13457] DEBUG -- :   [1m[35m (0.5ms)[0m  [1m[35mBEGIN[0m
D, [2017-07-14T17:20:50.155843 #13457] DEBUG -- :   [1m[36mMember Load (1.4ms)[0m  [1m[34mSELECT  `members`.* FROM `members` WHERE `members`.`id` = 25 LIMIT 1[0m
D, [2017-07-14T17:20:50.163669 #13457] DEBUG -- :   [1m[36mRun Exists (1.6ms)[0m  [1m[34mSELECT  1 AS one FROM `runs` WHERE `runs`.`date` = '2017-07-12' AND `runs`.`member_id` = 25 LIMIT 1[0m
D, [2017-07-14T17:20:50.170586 #13457] DEBUG -- :   [1m[35m (0.6ms)[0m  [1m[31mROLLBACK[0m
D, [2017-07-14T17:20:50.176129 #13457] DEBUG -- :   [1m[36mMember Load (0.7ms)[0m  [1m[34mSELECT  `members`.* FROM `members` WHERE `members`.`username` = 'RicciardiNick' LIMIT 1[0m
D, [2017-07-14T17:20:50.181805 #13457] DEBUG -- :   [1m[36mMember Load (0.7ms)[0m  [1m[34mSELECT  `members`.* FROM `members` WHERE `members`.`username` = 'Royty' LIMIT 1[0m
D, [2017-07-14T17:20:50.187449 #13457] DEBUG -- :   [1m[36mMember Load (0.9ms)[0m  [1m[34mSELECT  `members`.* FROM `members` WHERE `members`.`username` = 'saubermanbe' LIMIT 1[0m
D, [2017-07-14T17:20:50.193171 #13457] DEBUG -- :   [1m[36mMember Load (0.7ms)[0m  [1m[34mSELECT  `members`.* FROM `members` WHERE `members`.`username` = 'leese20' LIMIT 1[0m
D, [2017-07-14T17:20:50.198673 #13457] DEBUG -- :   [1m[36mMember Load (0.6ms)[0m  [1m[34mSELECT  `members`.* FROM `members` WHERE `members`.`username` = 'shepardsp' LIMIT 1[0m
D, [2017-07-14T17:20:50.202404 #13457] DEBUG -- :   [1m[35m (0.5ms)[0m  [1m[35mBEGIN[0m
D, [2017-07-14T17:20:50.210348 #13457] DEBUG -- :   [1m[36mMember Load (1.4ms)[0m  [1m[34mSELECT  `members`.* FROM `members` WHERE `members`.`id` = 8 LIMIT 1[0m
D, [2017-07-14T17:20:50.222435 #13457] DEBUG -- :   [1m[36mRun Exists (5.9ms)[0m  [1m[34mSELECT  1 AS one FROM `runs` WHERE `runs`.`date` = '2017-07-12' AND `runs`.`member_id` = 8 LIMIT 1[0m
D, [2017-07-14T17:20:50.265607 #13457] DEBUG -- :   [1m[35mSQL (32.9ms)[0m  [1m[32mINSERT INTO `runs` (`distance`, `duration`, `title`, `note`, `created_at`, `updated_at`, `date`, `member_id`, `days_late`) VALUES (6.0, 0, 'https://youtu.be/Wn_iz8z2AGw', '', '2017-07-14 21:20:50', '2017-07-14 21:20:50', '2017-07-12', 8, 2)[0m
D, [2017-07-14T17:20:50.294196 #13457] DEBUG -- :   [1m[35m (25.6ms)[0m  [1m[35mCOMMIT[0m
D, [2017-07-14T17:20:50.299409 #13457] DEBUG -- :   [1m[36mMember Load (0.7ms)[0m  [1m[34mSELECT  `members`.* FROM `members` WHERE `members`.`username` = 'MiddleEasternBoi' LIMIT 1[0m
D, [2017-07-14T17:20:50.305170 #13457] DEBUG -- :   [1m[36mMember Load (0.7ms)[0m  [1m[34mSELECT  `members`.* FROM `members` WHERE `members`.`username` = 'stardellisna' LIMIT 1[0m
D, [2017-07-14T17:20:50.310704 #13457] DEBUG -- :   [1m[36mMember Load (0.6ms)[0m  [1m[34mSELECT  `members`.* FROM `members` WHERE `members`.`username` = 'SugarmannDa' LIMIT 1[0m
D, [2017-07-14T17:20:50.317429 #13457] DEBUG -- :   [1m[36mMember Load (0.7ms)[0m  [1m[34mSELECT  `members`.* FROM `members` WHERE `members`.`username` = 'sugarmannjo' LIMIT 1[0m
D, [2017-07-14T17:20:50.321250 #13457] DEBUG -- :   [1m[35m (0.5ms)[0m  [1m[35mBEGIN[0m
D, [2017-07-14T17:20:50.328713 #13457] DEBUG -- :   [1m[36mMember Load (0.7ms)[0m  [1m[34mSELECT  `members`.* FROM `members` WHERE `members`.`id` = 16 LIMIT 1[0m
D, [2017-07-14T17:20:50.339652 #13457] DEBUG -- :   [1m[36mRun Exists (4.9ms)[0m  [1m[34mSELECT  1 AS one FROM `runs` WHERE `runs`.`date` = '2017-07-12' AND `runs`.`member_id` = 16 LIMIT 1[0m
D, [2017-07-14T17:20:50.346044 #13457] DEBUG -- :   [1m[35m (0.6ms)[0m  [1m[31mROLLBACK[0m
D, [2017-07-14T17:20:50.353166 #13457] DEBUG -- :   [1m[36mMember Load (0.6ms)[0m  [1m[34mSELECT  `members`.* FROM `members` WHERE `members`.`username` = 'TomAn' LIMIT 1[0m
D, [2017-07-14T17:20:50.357075 #13457] DEBUG -- :   [1m[35m (0.6ms)[0m  [1m[35mBEGIN[0m
D, [2017-07-14T17:20:50.364846 #13457] DEBUG -- :   [1m[36mMember Load (1.5ms)[0m  [1m[34mSELECT  `members`.* FROM `members` WHERE `members`.`id` = 26 LIMIT 1[0m
D, [2017-07-14T17:20:50.373500 #13457] DEBUG -- :   [1m[36mRun Exists (1.8ms)[0m  [1m[34mSELECT  1 AS one FROM `runs` WHERE `runs`.`date` = '2017-07-12' AND `runs`.`member_id` = 26 LIMIT 1[0m
D, [2017-07-14T17:20:50.379668 #13457] DEBUG -- :   [1m[35m (0.6ms)[0m  [1m[31mROLLBACK[0m
D, [2017-07-14T17:20:50.385084 #13457] DEBUG -- :   [1m[36mMember Load (0.7ms)[0m  [1m[34mSELECT  `members`.* FROM `members` WHERE `members`.`username` = 'vilayin20' LIMIT 1[0m
D, [2017-07-14T17:20:50.390909 #13457] DEBUG -- :   [1m[36mMember Load (0.7ms)[0m  [1m[34mSELECT  `members`.* FROM `members` WHERE `members`.`username` = 'Zhongri' LIMIT 1[0m
D, [2017-07-14T17:20:50.533374 #13457] DEBUG -- :   [1m[36mMember Load (0.7ms)[0m  [1m[34mSELECT  `members`.* FROM `members` WHERE `members`.`username` = 'burfordan' LIMIT 1[0m
D, [2017-07-14T17:20:50.537280 #13457] DEBUG -- :   [1m[35m (0.5ms)[0m  [1m[35mBEGIN[0m
D, [2017-07-14T17:20:50.544666 #13457] DEBUG -- :   [1m[36mMember Load (0.7ms)[0m  [1m[34mSELECT  `members`.* FROM `members` WHERE `members`.`id` = 6 LIMIT 1[0m
D, [2017-07-14T17:20:50.552463 #13457] DEBUG -- :   [1m[36mRun Exists (1.7ms)[0m  [1m[34mSELECT  1 AS one FROM `runs` WHERE `runs`.`date` = '2017-07-11' AND `runs`.`member_id` = 6 LIMIT 1[0m
D, [2017-07-14T17:20:50.558564 #13457] DEBUG -- :   [1m[35m (0.6ms)[0m  [1m[31mROLLBACK[0m
D, [2017-07-14T17:20:50.564479 #13457] DEBUG -- :   [1m[36mMember Load (0.7ms)[0m  [1m[34mSELECT  `members`.* FROM `members` WHERE `members`.`username` = 'Carpenteria18' LIMIT 1[0m
D, [2017-07-14T17:20:50.570223 #13457] DEBUG -- :   [1m[36mMember Load (0.7ms)[0m  [1m[34mSELECT  `members`.* FROM `members` WHERE `members`.`username` = 'ChenMa' LIMIT 1[0m
D, [2017-07-14T17:20:50.576057 #13457] DEBUG -- :   [1m[36mMember Load (0.7ms)[0m  [1m[34mSELECT  `members`.* FROM `members` WHERE `members`.`username` = 'CoachFaitsch' LIMIT 1[0m
D, [2017-07-14T17:20:50.579889 #13457] DEBUG -- :   [1m[35m (0.5ms)[0m  [1m[35mBEGIN[0m
D, [2017-07-14T17:20:50.587473 #13457] DEBUG -- :   [1m[36mMember Load (0.8ms)[0m  [1m[34mSELECT  `members`.* FROM `members` WHERE `members`.`id` = 56 LIMIT 1[0m
D, [2017-07-14T17:20:50.595196 #13457] DEBUG -- :   [1m[36mRun Exists (1.7ms)[0m  [1m[34mSELECT  1 AS one FROM `runs` WHERE `runs`.`date` = '2017-07-11' AND `runs`.`member_id` = 56 LIMIT 1[0m
D, [2017-07-14T17:20:50.601532 #13457] DEBUG -- :   [1m[35m (0.6ms)[0m  [1m[31mROLLBACK[0m
D, [2017-07-14T17:20:50.608650 #13457] DEBUG -- :   [1m[36mMember Load (0.7ms)[0m  [1m[34mSELECT  `members`.* FROM `members` WHERE `members`.`username` = 'Connor_Visnic' LIMIT 1[0m
D, [2017-07-14T17:20:50.612439 #13457] DEBUG -- :   [1m[35m (0.5ms)[0m  [1m[35mBEGIN[0m
D, [2017-07-14T17:20:50.619854 #13457] DEBUG -- :   [1m[36mMember Load (0.7ms)[0m  [1m[34mSELECT  `members`.* FROM `members` WHERE `members`.`id` = 7 LIMIT 1[0m
D, [2017-07-14T17:20:50.627688 #13457] DEBUG -- :   [1m[36mRun Exists (1.8ms)[0m  [1m[34mSELECT  1 AS one FROM `runs` WHERE `runs`.`date` = '2017-07-11' AND `runs`.`member_id` = 7 LIMIT 1[0m
D, [2017-07-14T17:20:50.633648 #13457] DEBUG -- :   [1m[35m (0.6ms)[0m  [1m[31mROLLBACK[0m
D, [2017-07-14T17:20:50.639566 #13457] DEBUG -- :   [1m[36mMember Load (0.7ms)[0m  [1m[34mSELECT  `members`.* FROM `members` WHERE `members`.`username` = 'Blanchetteco20' LIMIT 1[0m
D, [2017-07-14T17:20:50.645103 #13457] DEBUG -- :   [1m[36mMember Load (0.7ms)[0m  [1m[34mSELECT  `members`.* FROM `members` WHERE `members`.`username` = 'DillJa' LIMIT 1[0m
D, [2017-07-14T17:20:50.650634 #13457] DEBUG -- :   [1m[36mMember Load (0.6ms)[0m  [1m[34mSELECT  `members`.* FROM `members` WHERE `members`.`username` = 'DillJo' LIMIT 1[0m
D, [2017-07-14T17:20:50.656041 #13457] DEBUG -- :   [1m[36mMember Load (0.7ms)[0m  [1m[34mSELECT  `members`.* FROM `members` WHERE `members`.`username` = 'floydma' LIMIT 1[0m
D, [2017-07-14T17:20:50.662244 #13457] DEBUG -- :   [1m[36mMember Load (0.7ms)[0m  [1m[34mSELECT  `members`.* FROM `members` WHERE `members`.`username` = 'fordjo' LIMIT 1[0m
D, [2017-07-14T17:20:50.667745 #13457] DEBUG -- :   [1m[36mMember Load (0.6ms)[0m  [1m[34mSELECT  `members`.* FROM `members` WHERE `members`.`username` = 'Fordry' LIMIT 1[0m
D, [2017-07-14T17:20:50.673245 #13457] DEBUG -- :   [1m[36mMember Load (0.6ms)[0m  [1m[34mSELECT  `members`.* FROM `members` WHERE `members`.`username` = 'gadar' LIMIT 1[0m
D, [2017-07-14T17:20:50.678629 #13457] DEBUG -- :   [1m[36mMember Load (0.7ms)[0m  [1m[34mSELECT  `members`.* FROM `members` WHERE `members`.`username` = 'GrossJa' LIMIT 1[0m
D, [2017-07-14T17:20:50.684528 #13457] DEBUG -- :   [1m[36mMember Load (0.7ms)[0m  [1m[34mSELECT  `members`.* FROM `members` WHERE `members`.`username` = 'barrosoju20' LIMIT 1[0m
D, [2017-07-14T17:20:50.688392 #13457] DEBUG -- :   [1m[35m (0.5ms)[0m  [1m[35mBEGIN[0m
D, [2017-07-14T17:20:50.695784 #13457] DEBUG -- :   [1m[36mMember Load (0.7ms)[0m  [1m[34mSELECT  `members`.* FROM `members` WHERE `members`.`id` = 24 LIMIT 1[0m
D, [2017-07-14T17:20:50.703768 #13457] DEBUG -- :   [1m[36mRun Exists (1.6ms)[0m  [1m[34mSELECT  1 AS one FROM `runs` WHERE `runs`.`date` = '2017-07-11' AND `runs`.`member_id` = 24 LIMIT 1[0m
D, [2017-07-14T17:20:50.709902 #13457] DEBUG -- :   [1m[35m (0.6ms)[0m  [1m[31mROLLBACK[0m
D, [2017-07-14T17:20:50.715625 #13457] DEBUG -- :   [1m[36mMember Load (0.7ms)[0m  [1m[34mSELECT  `members`.* FROM `members` WHERE `members`.`username` = 'KyJason' LIMIT 1[0m
D, [2017-07-14T17:20:50.720690 #13457] DEBUG -- :   [1m[36mMember Load (0.6ms)[0m  [1m[34mSELECT  `members`.* FROM `members` WHERE `members`.`username` = 'liamp0119' LIMIT 1[0m
D, [2017-07-14T17:20:50.726802 #13457] DEBUG -- :   [1m[36mMember Load (0.8ms)[0m  [1m[34mSELECT  `members`.* FROM `members` WHERE `members`.`username` = 'Mahlersa' LIMIT 1[0m
D, [2017-07-14T17:20:50.730575 #13457] DEBUG -- :   [1m[35m (0.5ms)[0m  [1m[35mBEGIN[0m
D, [2017-07-14T17:20:50.738028 #13457] DEBUG -- :   [1m[36mMember Load (0.7ms)[0m  [1m[34mSELECT  `members`.* FROM `members` WHERE `members`.`id` = 19 LIMIT 1[0m
D, [2017-07-14T17:20:50.750042 #13457] DEBUG -- :   [1m[36mRun Exists (5.9ms)[0m  [1m[34mSELECT  1 AS one FROM `runs` WHERE `runs`.`date` = '2017-07-11' AND `runs`.`member_id` = 19 LIMIT 1[0m
D, [2017-07-14T17:20:50.756365 #13457] DEBUG -- :   [1m[35m (0.6ms)[0m  [1m[31mROLLBACK[0m
D, [2017-07-14T17:20:50.761888 #13457] DEBUG -- :   [1m[36mMember Load (0.7ms)[0m  [1m[34mSELECT  `members`.* FROM `members` WHERE `members`.`username` = 'Martijaan20' LIMIT 1[0m
D, [2017-07-14T17:20:50.767943 #13457] DEBUG -- :   [1m[36mMember Load (0.7ms)[0m  [1m[34mSELECT  `members`.* FROM `members` WHERE `members`.`username` = 'matteija' LIMIT 1[0m
D, [2017-07-14T17:20:50.771682 #13457] DEBUG -- :   [1m[35m (0.5ms)[0m  [1m[35mBEGIN[0m
D, [2017-07-14T17:20:50.779200 #13457] DEBUG -- :   [1m[36mMember Load (0.7ms)[0m  [1m[34mSELECT  `members`.* FROM `members` WHERE `members`.`id` = 18 LIMIT 1[0m
D, [2017-07-14T17:20:50.786942 #13457] DEBUG -- :   [1m[36mRun Exists (1.7ms)[0m  [1m[34mSELECT  1 AS one FROM `runs` WHERE `runs`.`date` = '2017-07-11' AND `runs`.`member_id` = 18 LIMIT 1[0m
D, [2017-07-14T17:20:50.792884 #13457] DEBUG -- :   [1m[35m (0.6ms)[0m  [1m[31mROLLBACK[0m
D, [2017-07-14T17:20:50.799645 #13457] DEBUG -- :   [1m[36mMember Load (0.7ms)[0m  [1m[34mSELECT  `members`.* FROM `members` WHERE `members`.`username` = 'mckeonwi' LIMIT 1[0m
D, [2017-07-14T17:20:50.804577 #13457] DEBUG -- :   [1m[36mMember Load (0.6ms)[0m  [1m[34mSELECT  `members`.* FROM `members` WHERE `members`.`username` = 'Neelamsa20' LIMIT 1[0m
D, [2017-07-14T17:20:50.809637 #13457] DEBUG -- :   [1m[36mMember Load (0.7ms)[0m  [1m[34mSELECT  `members`.* FROM `members` WHERE `members`.`username` = 'nemeceklu' LIMIT 1[0m
D, [2017-07-14T17:20:50.816854 #13457] DEBUG -- :   [1m[36mMember Load (0.8ms)[0m  [1m[34mSELECT  `members`.* FROM `members` WHERE `members`.`username` = 'paragassp19' LIMIT 1[0m
D, [2017-07-14T17:20:50.820614 #13457] DEBUG -- :   [1m[35m (0.5ms)[0m  [1m[35mBEGIN[0m
D, [2017-07-14T17:20:50.827546 #13457] DEBUG -- :   [1m[36mMember Load (0.7ms)[0m  [1m[34mSELECT  `members`.* FROM `members` WHERE `members`.`id` = 25 LIMIT 1[0m
D, [2017-07-14T17:20:50.835342 #13457] DEBUG -- :   [1m[36mRun Exists (1.6ms)[0m  [1m[34mSELECT  1 AS one FROM `runs` WHERE `runs`.`date` = '2017-07-11' AND `runs`.`member_id` = 25 LIMIT 1[0m
D, [2017-07-14T17:20:50.841857 #13457] DEBUG -- :   [1m[35m (0.6ms)[0m  [1m[31mROLLBACK[0m
D, [2017-07-14T17:20:50.847489 #13457] DEBUG -- :   [1m[36mMember Load (0.7ms)[0m  [1m[34mSELECT  `members`.* FROM `members` WHERE `members`.`username` = 'RicciardiNick' LIMIT 1[0m
D, [2017-07-14T17:20:50.852965 #13457] DEBUG -- :   [1m[36mMember Load (0.7ms)[0m  [1m[34mSELECT  `members`.* FROM `members` WHERE `members`.`username` = 'Royty' LIMIT 1[0m
D, [2017-07-14T17:20:50.858535 #13457] DEBUG -- :   [1m[36mMember Load (0.7ms)[0m  [1m[34mSELECT  `members`.* FROM `members` WHERE `members`.`username` = 'saubermanbe' LIMIT 1[0m
D, [2017-07-14T17:20:50.864050 #13457] DEBUG -- :   [1m[36mMember Load (0.6ms)[0m  [1m[34mSELECT  `members`.* FROM `members` WHERE `members`.`username` = 'leese20' LIMIT 1[0m
D, [2017-07-14T17:20:50.869087 #13457] DEBUG -- :   [1m[36mMember Load (0.6ms)[0m  [1m[34mSELECT  `members`.* FROM `members` WHERE `members`.`username` = 'shepardsp' LIMIT 1[0m
D, [2017-07-14T17:20:50.874508 #13457] DEBUG -- :   [1m[36mMember Load (0.6ms)[0m  [1m[34mSELECT  `members`.* FROM `members` WHERE `members`.`username` = 'MiddleEasternBoi' LIMIT 1[0m
D, [2017-07-14T17:20:50.880371 #13457] DEBUG -- :   [1m[36mMember Load (0.6ms)[0m  [1m[34mSELECT  `members`.* FROM `members` WHERE `members`.`username` = 'stardellisna' LIMIT 1[0m
D, [2017-07-14T17:20:50.885789 #13457] DEBUG -- :   [1m[36mMember Load (0.6ms)[0m  [1m[34mSELECT  `members`.* FROM `members` WHERE `members`.`username` = 'SugarmannDa' LIMIT 1[0m
D, [2017-07-14T17:20:50.892584 #13457] DEBUG -- :   [1m[36mMember Load (0.7ms)[0m  [1m[34mSELECT  `members`.* FROM `members` WHERE `members`.`username` = 'sugarmannjo' LIMIT 1[0m
D, [2017-07-14T17:20:50.896775 #13457] DEBUG -- :   [1m[35m (0.6ms)[0m  [1m[35mBEGIN[0m
D, [2017-07-14T17:20:50.903678 #13457] DEBUG -- :   [1m[36mMember Load (0.7ms)[0m  [1m[34mSELECT  `members`.* FROM `members` WHERE `members`.`id` = 16 LIMIT 1[0m
D, [2017-07-14T17:20:50.914170 #13457] DEBUG -- :   [1m[36mRun Exists (4.3ms)[0m  [1m[34mSELECT  1 AS one FROM `runs` WHERE `runs`.`date` = '2017-07-11' AND `runs`.`member_id` = 16 LIMIT 1[0m
D, [2017-07-14T17:20:50.920741 #13457] DEBUG -- :   [1m[35m (0.6ms)[0m  [1m[31mROLLBACK[0m
D, [2017-07-14T17:20:50.927766 #13457] DEBUG -- :   [1m[36mMember Load (0.7ms)[0m  [1m[34mSELECT  `members`.* FROM `members` WHERE `members`.`username` = 'TomAn' LIMIT 1[0m
D, [2017-07-14T17:20:50.931648 #13457] DEBUG -- :   [1m[35m (0.5ms)[0m  [1m[35mBEGIN[0m
D, [2017-07-14T17:20:50.939071 #13457] DEBUG -- :   [1m[36mMember Load (0.7ms)[0m  [1m[34mSELECT  `members`.* FROM `members` WHERE `members`.`id` = 26 LIMIT 1[0m
D, [2017-07-14T17:20:50.946899 #13457] DEBUG -- :   [1m[36mRun Exists (1.8ms)[0m  [1m[34mSELECT  1 AS one FROM `runs` WHERE `runs`.`date` = '2017-07-11' AND `runs`.`member_id` = 26 LIMIT 1[0m
D, [2017-07-14T17:20:50.953312 #13457] DEBUG -- :   [1m[35m (1.0ms)[0m  [1m[31mROLLBACK[0m
D, [2017-07-14T17:20:50.958981 #13457] DEBUG -- :   [1m[36mMember Load (0.7ms)[0m  [1m[34mSELECT  `members`.* FROM `members` WHERE `members`.`username` = 'vilayin20' LIMIT 1[0m
D, [2017-07-14T17:20:50.964445 #13457] DEBUG -- :   [1m[36mMember Load (0.7ms)[0m  [1m[34mSELECT  `members`.* FROM `members` WHERE `members`.`username` = 'Zhongri' LIMIT 1[0m
D, [2017-07-14T17:20:51.105841 #13457] DEBUG -- :   [1m[36mMember Load (0.8ms)[0m  [1m[34mSELECT  `members`.* FROM `members` WHERE `members`.`username` = 'burfordan' LIMIT 1[0m
D, [2017-07-14T17:20:51.109783 #13457] DEBUG -- :   [1m[35m (0.5ms)[0m  [1m[35mBEGIN[0m
D, [2017-07-14T17:20:51.116733 #13457] DEBUG -- :   [1m[36mMember Load (0.7ms)[0m  [1m[34mSELECT  `members`.* FROM `members` WHERE `members`.`id` = 6 LIMIT 1[0m
D, [2017-07-14T17:20:51.124791 #13457] DEBUG -- :   [1m[36mRun Exists (1.7ms)[0m  [1m[34mSELECT  1 AS one FROM `runs` WHERE `runs`.`date` = '2017-07-10' AND `runs`.`member_id` = 6 LIMIT 1[0m
D, [2017-07-14T17:20:51.130904 #13457] DEBUG -- :   [1m[35m (0.6ms)[0m  [1m[31mROLLBACK[0m
D, [2017-07-14T17:20:51.136507 #13457] DEBUG -- :   [1m[36mMember Load (0.7ms)[0m  [1m[34mSELECT  `members`.* FROM `members` WHERE `members`.`username` = 'Carpenteria18' LIMIT 1[0m
D, [2017-07-14T17:20:51.141996 #13457] DEBUG -- :   [1m[36mMember Load (0.7ms)[0m  [1m[34mSELECT  `members`.* FROM `members` WHERE `members`.`username` = 'ChenMa' LIMIT 1[0m
D, [2017-07-14T17:20:51.148281 #13457] DEBUG -- :   [1m[36mMember Load (0.7ms)[0m  [1m[34mSELECT  `members`.* FROM `members` WHERE `members`.`username` = 'CoachFaitsch' LIMIT 1[0m
D, [2017-07-14T17:20:51.151980 #13457] DEBUG -- :   [1m[35m (0.5ms)[0m  [1m[35mBEGIN[0m
D, [2017-07-14T17:20:51.158966 #13457] DEBUG -- :   [1m[36mMember Load (0.7ms)[0m  [1m[34mSELECT  `members`.* FROM `members` WHERE `members`.`id` = 56 LIMIT 1[0m
D, [2017-07-14T17:20:51.167058 #13457] DEBUG -- :   [1m[36mRun Exists (1.8ms)[0m  [1m[34mSELECT  1 AS one FROM `runs` WHERE `runs`.`date` = '2017-07-10' AND `runs`.`member_id` = 56 LIMIT 1[0m
D, [2017-07-14T17:20:51.173447 #13457] DEBUG -- :   [1m[35m (0.7ms)[0m  [1m[31mROLLBACK[0m
D, [2017-07-14T17:20:51.180388 #13457] DEBUG -- :   [1m[36mMember Load (0.7ms)[0m  [1m[34mSELECT  `members`.* FROM `members` WHERE `members`.`username` = 'Connor_Visnic' LIMIT 1[0m
D, [2017-07-14T17:20:51.184502 #13457] DEBUG -- :   [1m[35m (0.5ms)[0m  [1m[35mBEGIN[0m
D, [2017-07-14T17:20:51.191562 #13457] DEBUG -- :   [1m[36mMember Load (0.7ms)[0m  [1m[34mSELECT  `members`.* FROM `members` WHERE `members`.`id` = 7 LIMIT 1[0m
D, [2017-07-14T17:20:51.199397 #13457] DEBUG -- :   [1m[36mRun Exists (1.6ms)[0m  [1m[34mSELECT  1 AS one FROM `runs` WHERE `runs`.`date` = '2017-07-10' AND `runs`.`member_id` = 7 LIMIT 1[0m
D, [2017-07-14T17:20:51.205839 #13457] DEBUG -- :   [1m[35m (0.6ms)[0m  [1m[31mROLLBACK[0m
D, [2017-07-14T17:20:51.212455 #13457] DEBUG -- :   [1m[36mMember Load (0.7ms)[0m  [1m[34mSELECT  `members`.* FROM `members` WHERE `members`.`username` = 'Blanchetteco20' LIMIT 1[0m
D, [2017-07-14T17:20:51.216350 #13457] DEBUG -- :   [1m[35m (0.5ms)[0m  [1m[35mBEGIN[0m
D, [2017-07-14T17:20:51.223678 #13457] DEBUG -- :   [1m[36mMember Load (0.8ms)[0m  [1m[34mSELECT  `members`.* FROM `members` WHERE `members`.`id` = 21 LIMIT 1[0m
D, [2017-07-14T17:20:51.231470 #13457] DEBUG -- :   [1m[36mRun Exists (1.6ms)[0m  [1m[34mSELECT  1 AS one FROM `runs` WHERE `runs`.`date` = '2017-07-10' AND `runs`.`member_id` = 21 LIMIT 1[0m
D, [2017-07-14T17:20:51.237989 #13457] DEBUG -- :   [1m[35m (0.6ms)[0m  [1m[31mROLLBACK[0m
D, [2017-07-14T17:20:51.243548 #13457] DEBUG -- :   [1m[36mMember Load (0.7ms)[0m  [1m[34mSELECT  `members`.* FROM `members` WHERE `members`.`username` = 'DillJa' LIMIT 1[0m
D, [2017-07-14T17:20:51.249537 #13457] DEBUG -- :   [1m[36mMember Load (0.6ms)[0m  [1m[34mSELECT  `members`.* FROM `members` WHERE `members`.`username` = 'DillJo' LIMIT 1[0m
D, [2017-07-14T17:20:51.254967 #13457] DEBUG -- :   [1m[36mMember Load (0.7ms)[0m  [1m[34mSELECT  `members`.* FROM `members` WHERE `members`.`username` = 'floydma' LIMIT 1[0m
D, [2017-07-14T17:20:51.260829 #13457] DEBUG -- :   [1m[36mMember Load (0.9ms)[0m  [1m[34mSELECT  `members`.* FROM `members` WHERE `members`.`username` = 'fordjo' LIMIT 1[0m
D, [2017-07-14T17:20:51.266377 #13457] DEBUG -- :   [1m[36mMember Load (0.6ms)[0m  [1m[34mSELECT  `members`.* FROM `members` WHERE `members`.`username` = 'Fordry' LIMIT 1[0m
D, [2017-07-14T17:20:51.271925 #13457] DEBUG -- :   [1m[36mMember Load (0.7ms)[0m  [1m[34mSELECT  `members`.* FROM `members` WHERE `members`.`username` = 'gadar' LIMIT 1[0m
D, [2017-07-14T17:20:51.276955 #13457] DEBUG -- :   [1m[36mMember Load (0.7ms)[0m  [1m[34mSELECT  `members`.* FROM `members` WHERE `members`.`username` = 'GrossJa' LIMIT 1[0m
D, [2017-07-14T17:20:51.283091 #13457] DEBUG -- :   [1m[36mMember Load (0.7ms)[0m  [1m[34mSELECT  `members`.* FROM `members` WHERE `members`.`username` = 'barrosoju20' LIMIT 1[0m
D, [2017-07-14T17:20:51.287003 #13457] DEBUG -- :   [1m[35m (0.6ms)[0m  [1m[35mBEGIN[0m
D, [2017-07-14T17:20:51.293890 #13457] DEBUG -- :   [1m[36mMember Load (0.7ms)[0m  [1m[34mSELECT  `members`.* FROM `members` WHERE `members`.`id` = 24 LIMIT 1[0m
D, [2017-07-14T17:20:51.302006 #13457] DEBUG -- :   [1m[36mRun Exists (1.7ms)[0m  [1m[34mSELECT  1 AS one FROM `runs` WHERE `runs`.`date` = '2017-07-10' AND `runs`.`member_id` = 24 LIMIT 1[0m
D, [2017-07-14T17:20:51.308178 #13457] DEBUG -- :   [1m[35m (0.6ms)[0m  [1m[31mROLLBACK[0m
D, [2017-07-14T17:20:51.313685 #13457] DEBUG -- :   [1m[36mMember Load (0.7ms)[0m  [1m[34mSELECT  `members`.* FROM `members` WHERE `members`.`username` = 'KyJason' LIMIT 1[0m
D, [2017-07-14T17:20:51.319050 #13457] DEBUG -- :   [1m[36mMember Load (0.8ms)[0m  [1m[34mSELECT  `members`.* FROM `members` WHERE `members`.`username` = 'liamp0119' LIMIT 1[0m
D, [2017-07-14T17:20:51.325379 #13457] DEBUG -- :   [1m[36mMember Load (0.7ms)[0m  [1m[34mSELECT  `members`.* FROM `members` WHERE `members`.`username` = 'Mahlersa' LIMIT 1[0m
D, [2017-07-14T17:20:51.329272 #13457] DEBUG -- :   [1m[35m (0.5ms)[0m  [1m[35mBEGIN[0m
D, [2017-07-14T17:20:51.336089 #13457] DEBUG -- :   [1m[36mMember Load (0.7ms)[0m  [1m[34mSELECT  `members`.* FROM `members` WHERE `members`.`id` = 19 LIMIT 1[0m
D, [2017-07-14T17:20:51.348801 #13457] DEBUG -- :   [1m[36mRun Exists (6.2ms)[0m  [1m[34mSELECT  1 AS one FROM `runs` WHERE `runs`.`date` = '2017-07-10' AND `runs`.`member_id` = 19 LIMIT 1[0m
D, [2017-07-14T17:20:51.354859 #13457] DEBUG -- :   [1m[35m (0.6ms)[0m  [1m[31mROLLBACK[0m
D, [2017-07-14T17:20:51.360472 #13457] DEBUG -- :   [1m[36mMember Load (0.7ms)[0m  [1m[34mSELECT  `members`.* FROM `members` WHERE `members`.`username` = 'Martijaan20' LIMIT 1[0m
D, [2017-07-14T17:20:51.366981 #13457] DEBUG -- :   [1m[36mMember Load (0.8ms)[0m  [1m[34mSELECT  `members`.* FROM `members` WHERE `members`.`username` = 'matteija' LIMIT 1[0m
D, [2017-07-14T17:20:51.370785 #13457] DEBUG -- :   [1m[35m (0.5ms)[0m  [1m[35mBEGIN[0m
D, [2017-07-14T17:20:51.377700 #13457] DEBUG -- :   [1m[36mMember Load (0.7ms)[0m  [1m[34mSELECT  `members`.* FROM `members` WHERE `members`.`id` = 18 LIMIT 1[0m
D, [2017-07-14T17:20:51.385577 #13457] DEBUG -- :   [1m[36mRun Exists (1.7ms)[0m  [1m[34mSELECT  1 AS one FROM `runs` WHERE `runs`.`date` = '2017-07-10' AND `runs`.`member_id` = 18 LIMIT 1[0m
D, [2017-07-14T17:20:51.391671 #13457] DEBUG -- :   [1m[35m (0.6ms)[0m  [1m[31mROLLBACK[0m
D, [2017-07-14T17:20:51.399006 #13457] DEBUG -- :   [1m[36mMember Load (0.7ms)[0m  [1m[34mSELECT  `members`.* FROM `members` WHERE `members`.`username` = 'mckeonwi' LIMIT 1[0m
D, [2017-07-14T17:20:51.403909 #13457] DEBUG -- :   [1m[36mMember Load (0.6ms)[0m  [1m[34mSELECT  `members`.* FROM `members` WHERE `members`.`username` = 'Neelamsa20' LIMIT 1[0m
D, [2017-07-14T17:20:51.408955 #13457] DEBUG -- :   [1m[36mMember Load (0.6ms)[0m  [1m[34mSELECT  `members`.* FROM `members` WHERE `members`.`username` = 'nemeceklu' LIMIT 1[0m
D, [2017-07-14T17:20:51.416332 #13457] DEBUG -- :   [1m[36mMember Load (0.7ms)[0m  [1m[34mSELECT  `members`.* FROM `members` WHERE `members`.`username` = 'paragassp19' LIMIT 1[0m
D, [2017-07-14T17:20:51.420343 #13457] DEBUG -- :   [1m[35m (0.5ms)[0m  [1m[35mBEGIN[0m
D, [2017-07-14T17:20:51.427342 #13457] DEBUG -- :   [1m[36mMember Load (0.8ms)[0m  [1m[34mSELECT  `members`.* FROM `members` WHERE `members`.`id` = 25 LIMIT 1[0m
D, [2017-07-14T17:20:51.436809 #13457] DEBUG -- :   [1m[36mRun Exists (1.8ms)[0m  [1m[34mSELECT  1 AS one FROM `runs` WHERE `runs`.`date` = '2017-07-10' AND `runs`.`member_id` = 25 LIMIT 1[0m
D, [2017-07-14T17:20:51.443645 #13457] DEBUG -- :   [1m[35m (0.7ms)[0m  [1m[31mROLLBACK[0m
D, [2017-07-14T17:20:51.449758 #13457] DEBUG -- :   [1m[36mMember Load (0.7ms)[0m  [1m[34mSELECT  `members`.* FROM `members` WHERE `members`.`username` = 'RicciardiNick' LIMIT 1[0m
D, [2017-07-14T17:20:51.455423 #13457] DEBUG -- :   [1m[36mMember Load (0.6ms)[0m  [1m[34mSELECT  `members`.* FROM `members` WHERE `members`.`username` = 'Royty' LIMIT 1[0m
D, [2017-07-14T17:20:51.461265 #13457] DEBUG -- :   [1m[36mMember Load (0.7ms)[0m  [1m[34mSELECT  `members`.* FROM `members` WHERE `members`.`username` = 'saubermanbe' LIMIT 1[0m
D, [2017-07-14T17:20:51.467395 #13457] DEBUG -- :   [1m[36mMember Load (0.8ms)[0m  [1m[34mSELECT  `members`.* FROM `members` WHERE `members`.`username` = 'leese20' LIMIT 1[0m
D, [2017-07-14T17:20:51.472455 #13457] DEBUG -- :   [1m[36mMember Load (0.6ms)[0m  [1m[34mSELECT  `members`.* FROM `members` WHERE `members`.`username` = 'shepardsp' LIMIT 1[0m
D, [2017-07-14T17:20:51.477980 #13457] DEBUG -- :   [1m[36mMember Load (0.6ms)[0m  [1m[34mSELECT  `members`.* FROM `members` WHERE `members`.`username` = 'MiddleEasternBoi' LIMIT 1[0m
D, [2017-07-14T17:20:51.483490 #13457] DEBUG -- :   [1m[36mMember Load (0.6ms)[0m  [1m[34mSELECT  `members`.* FROM `members` WHERE `members`.`username` = 'stardellisna' LIMIT 1[0m
D, [2017-07-14T17:20:51.489374 #13457] DEBUG -- :   [1m[36mMember Load (0.7ms)[0m  [1m[34mSELECT  `members`.* FROM `members` WHERE `members`.`username` = 'SugarmannDa' LIMIT 1[0m
D, [2017-07-14T17:20:51.495993 #13457] DEBUG -- :   [1m[36mMember Load (0.7ms)[0m  [1m[34mSELECT  `members`.* FROM `members` WHERE `members`.`username` = 'sugarmannjo' LIMIT 1[0m
D, [2017-07-14T17:20:51.499958 #13457] DEBUG -- :   [1m[35m (0.5ms)[0m  [1m[35mBEGIN[0m
D, [2017-07-14T17:20:51.507481 #13457] DEBUG -- :   [1m[36mMember Load (0.8ms)[0m  [1m[34mSELECT  `members`.* FROM `members` WHERE `members`.`id` = 16 LIMIT 1[0m
D, [2017-07-14T17:20:51.518202 #13457] DEBUG -- :   [1m[36mRun Exists (4.6ms)[0m  [1m[34mSELECT  1 AS one FROM `runs` WHERE `runs`.`date` = '2017-07-10' AND `runs`.`member_id` = 16 LIMIT 1[0m
D, [2017-07-14T17:20:51.524561 #13457] DEBUG -- :   [1m[35m (0.6ms)[0m  [1m[31mROLLBACK[0m
D, [2017-07-14T17:20:51.531591 #13457] DEBUG -- :   [1m[36mMember Load (0.7ms)[0m  [1m[34mSELECT  `members`.* FROM `members` WHERE `members`.`username` = 'TomAn' LIMIT 1[0m
D, [2017-07-14T17:20:51.535449 #13457] DEBUG -- :   [1m[35m (0.5ms)[0m  [1m[35mBEGIN[0m
D, [2017-07-14T17:20:51.542910 #13457] DEBUG -- :   [1m[36mMember Load (0.8ms)[0m  [1m[34mSELECT  `members`.* FROM `members` WHERE `members`.`id` = 26 LIMIT 1[0m
D, [2017-07-14T17:20:51.550775 #13457] DEBUG -- :   [1m[36mRun Exists (1.6ms)[0m  [1m[34mSELECT  1 AS one FROM `runs` WHERE `runs`.`date` = '2017-07-10' AND `runs`.`member_id` = 26 LIMIT 1[0m
D, [2017-07-14T17:20:51.557517 #13457] DEBUG -- :   [1m[35m (0.6ms)[0m  [1m[31mROLLBACK[0m
D, [2017-07-14T17:20:51.563029 #13457] DEBUG -- :   [1m[36mMember Load (0.7ms)[0m  [1m[34mSELECT  `members`.* FROM `members` WHERE `members`.`username` = 'vilayin20' LIMIT 1[0m
D, [2017-07-14T17:20:51.568710 #13457] DEBUG -- :   [1m[36mMember Load (0.7ms)[0m  [1m[34mSELECT  `members`.* FROM `members` WHERE `members`.`username` = 'Zhongri' LIMIT 1[0m
D, [2017-07-14T17:21:16.756463 #13457] DEBUG -- :   [1m[36mMember Load (0.7ms)[0m  [1m[34mSELECT  `members`.* FROM `members` WHERE `members`.`username` = 'burfordan' LIMIT 1[0m
D, [2017-07-14T17:21:16.760660 #13457] DEBUG -- :   [1m[35m (0.5ms)[0m  [1m[35mBEGIN[0m
D, [2017-07-14T17:21:16.767717 #13457] DEBUG -- :   [1m[36mMember Load (0.7ms)[0m  [1m[34mSELECT  `members`.* FROM `members` WHERE `members`.`id` = 6 LIMIT 1[0m
D, [2017-07-14T17:21:16.775581 #13457] DEBUG -- :   [1m[36mRun Exists (1.8ms)[0m  [1m[34mSELECT  1 AS one FROM `runs` WHERE `runs`.`date` = '2017-07-09' AND `runs`.`member_id` = 6 LIMIT 1[0m
D, [2017-07-14T17:21:16.782308 #13457] DEBUG -- :   [1m[35m (0.6ms)[0m  [1m[31mROLLBACK[0m
D, [2017-07-14T17:21:16.787888 #13457] DEBUG -- :   [1m[36mMember Load (0.6ms)[0m  [1m[34mSELECT  `members`.* FROM `members` WHERE `members`.`username` = 'Carpenteria18' LIMIT 1[0m
D, [2017-07-14T17:21:16.793259 #13457] DEBUG -- :   [1m[36mMember Load (0.6ms)[0m  [1m[34mSELECT  `members`.* FROM `members` WHERE `members`.`username` = 'ChenMa' LIMIT 1[0m
D, [2017-07-14T17:21:16.799944 #13457] DEBUG -- :   [1m[36mMember Load (0.6ms)[0m  [1m[34mSELECT  `members`.* FROM `members` WHERE `members`.`username` = 'CoachFaitsch' LIMIT 1[0m
D, [2017-07-14T17:21:16.803755 #13457] DEBUG -- :   [1m[35m (0.5ms)[0m  [1m[35mBEGIN[0m
D, [2017-07-14T17:21:16.810895 #13457] DEBUG -- :   [1m[36mMember Load (0.7ms)[0m  [1m[34mSELECT  `members`.* FROM `members` WHERE `members`.`id` = 56 LIMIT 1[0m
D, [2017-07-14T17:21:16.819005 #13457] DEBUG -- :   [1m[36mRun Exists (2.0ms)[0m  [1m[34mSELECT  1 AS one FROM `runs` WHERE `runs`.`date` = '2017-07-09' AND `runs`.`member_id` = 56 LIMIT 1[0m
D, [2017-07-14T17:21:16.824990 #13457] DEBUG -- :   [1m[35m (0.6ms)[0m  [1m[31mROLLBACK[0m
D, [2017-07-14T17:21:16.830685 #13457] DEBUG -- :   [1m[36mMember Load (0.7ms)[0m  [1m[34mSELECT  `members`.* FROM `members` WHERE `members`.`username` = 'Connor_Visnic' LIMIT 1[0m
D, [2017-07-14T17:21:16.836413 #13457] DEBUG -- :   [1m[36mMember Load (0.7ms)[0m  [1m[34mSELECT  `members`.* FROM `members` WHERE `members`.`username` = 'Blanchetteco20' LIMIT 1[0m
D, [2017-07-14T17:21:16.842338 #13457] DEBUG -- :   [1m[36mMember Load (0.7ms)[0m  [1m[34mSELECT  `members`.* FROM `members` WHERE `members`.`username` = 'DillJa' LIMIT 1[0m
D, [2017-07-14T17:21:16.847885 #13457] DEBUG -- :   [1m[36mMember Load (0.6ms)[0m  [1m[34mSELECT  `members`.* FROM `members` WHERE `members`.`username` = 'DillJo' LIMIT 1[0m
D, [2017-07-14T17:21:16.853565 #13457] DEBUG -- :   [1m[36mMember Load (0.7ms)[0m  [1m[34mSELECT  `members`.* FROM `members` WHERE `members`.`username` = 'floydma' LIMIT 1[0m
D, [2017-07-14T17:21:16.859637 #13457] DEBUG -- :   [1m[36mMember Load (0.7ms)[0m  [1m[34mSELECT  `members`.* FROM `members` WHERE `members`.`username` = 'fordjo' LIMIT 1[0m
D, [2017-07-14T17:21:16.865064 #13457] DEBUG -- :   [1m[36mMember Load (0.6ms)[0m  [1m[34mSELECT  `members`.* FROM `members` WHERE `members`.`username` = 'Fordry' LIMIT 1[0m
D, [2017-07-14T17:21:16.870714 #13457] DEBUG -- :   [1m[36mMember Load (0.7ms)[0m  [1m[34mSELECT  `members`.* FROM `members` WHERE `members`.`username` = 'gadar' LIMIT 1[0m
D, [2017-07-14T17:21:16.875733 #13457] DEBUG -- :   [1m[36mMember Load (0.6ms)[0m  [1m[34mSELECT  `members`.* FROM `members` WHERE `members`.`username` = 'GrossJa' LIMIT 1[0m
D, [2017-07-14T17:21:16.881671 #13457] DEBUG -- :   [1m[36mMember Load (0.6ms)[0m  [1m[34mSELECT  `members`.* FROM `members` WHERE `members`.`username` = 'barrosoju20' LIMIT 1[0m
D, [2017-07-14T17:21:16.887293 #13457] DEBUG -- :   [1m[36mMember Load (0.8ms)[0m  [1m[34mSELECT  `members`.* FROM `members` WHERE `members`.`username` = 'KyJason' LIMIT 1[0m
D, [2017-07-14T17:21:16.892447 #13457] DEBUG -- :   [1m[36mMember Load (0.6ms)[0m  [1m[34mSELECT  `members`.* FROM `members` WHERE `members`.`username` = 'liamp0119' LIMIT 1[0m
D, [2017-07-14T17:21:16.898212 #13457] DEBUG -- :   [1m[36mMember Load (0.6ms)[0m  [1m[34mSELECT  `members`.* FROM `members` WHERE `members`.`username` = 'Mahlersa' LIMIT 1[0m
D, [2017-07-14T17:21:16.902031 #13457] DEBUG -- :   [1m[35m (0.5ms)[0m  [1m[35mBEGIN[0m
D, [2017-07-14T17:21:16.909170 #13457] DEBUG -- :   [1m[36mMember Load (0.7ms)[0m  [1m[34mSELECT  `members`.* FROM `members` WHERE `members`.`id` = 19 LIMIT 1[0m
D, [2017-07-14T17:21:16.921762 #13457] DEBUG -- :   [1m[36mRun Exists (6.0ms)[0m  [1m[34mSELECT  1 AS one FROM `runs` WHERE `runs`.`date` = '2017-07-09' AND `runs`.`member_id` = 19 LIMIT 1[0m
D, [2017-07-14T17:21:16.927983 #13457] DEBUG -- :   [1m[35m (0.6ms)[0m  [1m[31mROLLBACK[0m
D, [2017-07-14T17:21:16.933444 #13457] DEBUG -- :   [1m[36mMember Load (0.6ms)[0m  [1m[34mSELECT  `members`.* FROM `members` WHERE `members`.`username` = 'Martijaan20' LIMIT 1[0m
D, [2017-07-14T17:21:16.940012 #13457] DEBUG -- :   [1m[36mMember Load (0.7ms)[0m  [1m[34mSELECT  `members`.* FROM `members` WHERE `members`.`username` = 'matteija' LIMIT 1[0m
D, [2017-07-14T17:21:16.943758 #13457] DEBUG -- :   [1m[35m (0.5ms)[0m  [1m[35mBEGIN[0m
D, [2017-07-14T17:21:16.950835 #13457] DEBUG -- :   [1m[36mMember Load (0.7ms)[0m  [1m[34mSELECT  `members`.* FROM `members` WHERE `members`.`id` = 18 LIMIT 1[0m
D, [2017-07-14T17:21:16.959077 #13457] DEBUG -- :   [1m[36mRun Exists (1.8ms)[0m  [1m[34mSELECT  1 AS one FROM `runs` WHERE `runs`.`date` = '2017-07-09' AND `runs`.`member_id` = 18 LIMIT 1[0m
D, [2017-07-14T17:21:16.965146 #13457] DEBUG -- :   [1m[35m (0.6ms)[0m  [1m[31mROLLBACK[0m
D, [2017-07-14T17:21:16.972404 #13457] DEBUG -- :   [1m[36mMember Load (0.7ms)[0m  [1m[34mSELECT  `members`.* FROM `members` WHERE `members`.`username` = 'mckeonwi' LIMIT 1[0m
D, [2017-07-14T17:21:16.977519 #13457] DEBUG -- :   [1m[36mMember Load (0.7ms)[0m  [1m[34mSELECT  `members`.* FROM `members` WHERE `members`.`username` = 'Neelamsa20' LIMIT 1[0m
D, [2017-07-14T17:21:16.982751 #13457] DEBUG -- :   [1m[36mMember Load (0.8ms)[0m  [1m[34mSELECT  `members`.* FROM `members` WHERE `members`.`username` = 'nemeceklu' LIMIT 1[0m
D, [2017-07-14T17:21:16.988476 #13457] DEBUG -- :   [1m[36mMember Load (0.7ms)[0m  [1m[34mSELECT  `members`.* FROM `members` WHERE `members`.`username` = 'paragassp19' LIMIT 1[0m
D, [2017-07-14T17:21:16.994187 #13457] DEBUG -- :   [1m[36mMember Load (0.6ms)[0m  [1m[34mSELECT  `members`.* FROM `members` WHERE `members`.`username` = 'RicciardiNick' LIMIT 1[0m
D, [2017-07-14T17:21:16.999846 #13457] DEBUG -- :   [1m[36mMember Load (0.6ms)[0m  [1m[34mSELECT  `members`.* FROM `members` WHERE `members`.`username` = 'Royty' LIMIT 1[0m
D, [2017-07-14T17:21:17.005416 #13457] DEBUG -- :   [1m[36mMember Load (0.7ms)[0m  [1m[34mSELECT  `members`.* FROM `members` WHERE `members`.`username` = 'saubermanbe' LIMIT 1[0m
D, [2017-07-14T17:21:17.010998 #13457] DEBUG -- :   [1m[36mMember Load (0.7ms)[0m  [1m[34mSELECT  `members`.* FROM `members` WHERE `members`.`username` = 'leese20' LIMIT 1[0m
D, [2017-07-14T17:21:17.016118 #13457] DEBUG -- :   [1m[36mMember Load (0.6ms)[0m  [1m[34mSELECT  `members`.* FROM `members` WHERE `members`.`username` = 'shepardsp' LIMIT 1[0m
D, [2017-07-14T17:21:17.021764 #13457] DEBUG -- :   [1m[36mMember Load (0.7ms)[0m  [1m[34mSELECT  `members`.* FROM `members` WHERE `members`.`username` = 'MiddleEasternBoi' LIMIT 1[0m
D, [2017-07-14T17:21:17.027359 #13457] DEBUG -- :   [1m[36mMember Load (0.8ms)[0m  [1m[34mSELECT  `members`.* FROM `members` WHERE `members`.`username` = 'stardellisna' LIMIT 1[0m
D, [2017-07-14T17:21:17.033115 #13457] DEBUG -- :   [1m[36mMember Load (0.7ms)[0m  [1m[34mSELECT  `members`.* FROM `members` WHERE `members`.`username` = 'SugarmannDa' LIMIT 1[0m
D, [2017-07-14T17:21:17.039910 #13457] DEBUG -- :   [1m[36mMember Load (0.6ms)[0m  [1m[34mSELECT  `members`.* FROM `members` WHERE `members`.`username` = 'sugarmannjo' LIMIT 1[0m
D, [2017-07-14T17:21:17.043734 #13457] DEBUG -- :   [1m[35m (0.5ms)[0m  [1m[35mBEGIN[0m
D, [2017-07-14T17:21:17.054839 #13457] DEBUG -- :   [1m[36mMember Load (4.5ms)[0m  [1m[34mSELECT  `members`.* FROM `members` WHERE `members`.`id` = 16 LIMIT 1[0m
D, [2017-07-14T17:21:17.062892 #13457] DEBUG -- :   [1m[36mRun Exists (1.7ms)[0m  [1m[34mSELECT  1 AS one FROM `runs` WHERE `runs`.`date` = '2017-07-09' AND `runs`.`member_id` = 16 LIMIT 1[0m
D, [2017-07-14T17:21:17.069395 #13457] DEBUG -- :   [1m[35m (0.6ms)[0m  [1m[31mROLLBACK[0m
D, [2017-07-14T17:21:17.076452 #13457] DEBUG -- :   [1m[36mMember Load (0.7ms)[0m  [1m[34mSELECT  `members`.* FROM `members` WHERE `members`.`username` = 'TomAn' LIMIT 1[0m
D, [2017-07-14T17:21:17.080262 #13457] DEBUG -- :   [1m[35m (0.5ms)[0m  [1m[35mBEGIN[0m
D, [2017-07-14T17:21:17.087369 #13457] DEBUG -- :   [1m[36mMember Load (0.9ms)[0m  [1m[34mSELECT  `members`.* FROM `members` WHERE `members`.`id` = 26 LIMIT 1[0m
D, [2017-07-14T17:21:17.095554 #13457] DEBUG -- :   [1m[36mRun Exists (1.8ms)[0m  [1m[34mSELECT  1 AS one FROM `runs` WHERE `runs`.`date` = '2017-07-09' AND `runs`.`member_id` = 26 LIMIT 1[0m
D, [2017-07-14T17:21:17.101718 #13457] DEBUG -- :   [1m[35m (0.6ms)[0m  [1m[31mROLLBACK[0m
D, [2017-07-14T17:21:17.107423 #13457] DEBUG -- :   [1m[36mMember Load (0.9ms)[0m  [1m[34mSELECT  `members`.* FROM `members` WHERE `members`.`username` = 'vilayin20' LIMIT 1[0m
D, [2017-07-14T17:21:17.113215 #13457] DEBUG -- :   [1m[36mMember Load (0.7ms)[0m  [1m[34mSELECT  `members`.* FROM `members` WHERE `members`.`username` = 'Zhongri' LIMIT 1[0m
