Writing PID to tmp/pids/thin.3006.pid
Using rack adapter
Thin web server (v1.7.0 codename Dunder Mifflin)
Maximum connections set to 1024
Listening on 127.0.0.1:3006, CTRL+C to stop
Exiting!
Writing PID to tmp/pids/thin.3006.pid
Using rack adapter
Thin web server (v1.7.0 codename Dunder Mifflin)
Maximum connections set to 1024
Listening on 127.0.0.1:3006, CTRL+C to stop
Exiting!
Writing PID to tmp/pids/thin.3006.pid
Using rack adapter
Thin web server (v1.7.0 codename Dunder Mifflin)
Maximum connections set to 1024
Listening on 127.0.0.1:3006, CTRL+C to stop
Exiting!
Writing PID to tmp/pids/thin.3006.pid
Using rack adapter
Thin web server (v1.7.0 codename Dunder Mifflin)
Maximum connections set to 1024
Listening on 127.0.0.1:3006, CTRL+C to stop
puts saved run for andrewsburford@gmail.com
Writing PID to tmp/pids/thin.3006.pid
Using rack adapter
Thin web server (v1.7.0 codename Dunder Mifflin)
Maximum connections set to 1024
Listening on 127.0.0.1:3006, CTRL+C to stop
multiple run total dur: 01:18:17
multiple run total dur: 01:03:17
multiple run total dur: 01:18:17
multiple run total dur: 01:03:17
Exiting!
Writing PID to tmp/pids/thin.3006.pid
Using rack adapter
Thin web server (v1.7.0 codename Dunder Mifflin)
Maximum connections set to 1024
Listening on 127.0.0.1:3006, CTRL+C to stop
Writing PID to tmp/pids/thin.3006.pid
Using rack adapter
Thin web server (v1.7.0 codename Dunder Mifflin)
Maximum connections set to 1024
Listening on 127.0.0.1:3006, CTRL+C to stop
Exiting!
Writing PID to tmp/pids/thin.3006.pid
Using rack adapter
Thin web server (v1.7.0 codename Dunder Mifflin)
Maximum connections set to 1024
Listening on 127.0.0.1:3006, CTRL+C to stop
Exiting!
Writing PID to tmp/pids/thin.3006.pid
Using rack adapter
Thin web server (v1.7.0 codename Dunder Mifflin)
Maximum connections set to 1024
Listening on 127.0.0.1:3006, CTRL+C to stop
Exiting!
Writing PID to tmp/pids/thin.3006.pid
Using rack adapter
Thin web server (v1.7.0 codename Dunder Mifflin)
Maximum connections set to 1024
Listening on 127.0.0.1:3006, CTRL+C to stop
