Writing PID to tmp/pids/thin.3008.pid
Using rack adapter
Thin web server (v1.7.0 codename Dunder Mifflin)
Maximum connections set to 1024
Listening on 127.0.0.1:3008, CTRL+C to stop
Exiting!
Writing PID to tmp/pids/thin.3008.pid
Using rack adapter
Thin web server (v1.7.0 codename Dunder Mifflin)
Maximum connections set to 1024
Listening on 127.0.0.1:3008, CTRL+C to stop
Exiting!
Writing PID to tmp/pids/thin.3008.pid
Using rack adapter
Thin web server (v1.7.0 codename Dunder Mifflin)
Maximum connections set to 1024
Listening on 127.0.0.1:3008, CTRL+C to stop
Exiting!
Writing PID to tmp/pids/thin.3008.pid
Using rack adapter
Thin web server (v1.7.0 codename Dunder Mifflin)
Maximum connections set to 1024
Listening on 127.0.0.1:3008, CTRL+C to stop
Writing PID to tmp/pids/thin.3008.pid
Using rack adapter
Thin web server (v1.7.0 codename Dunder Mifflin)
Maximum connections set to 1024
Listening on 127.0.0.1:3008, CTRL+C to stop
multiple run total dur: 01:18:17
multiple run total dur: 01:03:17
multiple run total dur: 01:18:17
multiple run total dur: 01:03:17
Exiting!
Writing PID to tmp/pids/thin.3008.pid
Using rack adapter
Thin web server (v1.7.0 codename Dunder Mifflin)
Maximum connections set to 1024
Listening on 127.0.0.1:3008, CTRL+C to stop
Writing PID to tmp/pids/thin.3008.pid
Using rack adapter
Thin web server (v1.7.0 codename Dunder Mifflin)
Maximum connections set to 1024
Listening on 127.0.0.1:3008, CTRL+C to stop
Exiting!
Writing PID to tmp/pids/thin.3008.pid
Using rack adapter
Thin web server (v1.7.0 codename Dunder Mifflin)
Maximum connections set to 1024
Listening on 127.0.0.1:3008, CTRL+C to stop
Exiting!
Writing PID to tmp/pids/thin.3008.pid
Using rack adapter
Thin web server (v1.7.0 codename Dunder Mifflin)
Maximum connections set to 1024
Listening on 127.0.0.1:3008, CTRL+C to stop
Exiting!
/home/pi/.rvm/gems/ruby-2.3.3/gems/eventmachine-1.2.1/lib/eventmachine.rb:530:in `start_tcp_server': no acceptor (port is in use or requires root privileges) (RuntimeError)
	from /home/pi/.rvm/gems/ruby-2.3.3/gems/eventmachine-1.2.1/lib/eventmachine.rb:530:in `start_server'
	from /home/pi/.rvm/gems/ruby-2.3.3/gems/thin-1.7.0/lib/thin/backends/tcp_server.rb:16:in `connect'
	from /home/pi/.rvm/gems/ruby-2.3.3/gems/thin-1.7.0/lib/thin/backends/base.rb:63:in `block in start'
	from /home/pi/.rvm/gems/ruby-2.3.3/gems/eventmachine-1.2.1/lib/eventmachine.rb:194:in `run_machine'
	from /home/pi/.rvm/gems/ruby-2.3.3/gems/eventmachine-1.2.1/lib/eventmachine.rb:194:in `run'
	from /home/pi/.rvm/gems/ruby-2.3.3/gems/thin-1.7.0/lib/thin/backends/base.rb:73:in `start'
	from /home/pi/.rvm/gems/ruby-2.3.3/gems/thin-1.7.0/lib/thin/server.rb:162:in `start'
	from /home/pi/.rvm/gems/ruby-2.3.3/gems/thin-1.7.0/lib/thin/controllers/controller.rb:87:in `start'
	from /home/pi/.rvm/gems/ruby-2.3.3/gems/thin-1.7.0/lib/thin/runner.rb:200:in `run_command'
	from /home/pi/.rvm/gems/ruby-2.3.3/gems/thin-1.7.0/lib/thin/runner.rb:156:in `run!'
	from /home/pi/.rvm/gems/ruby-2.3.3/gems/thin-1.7.0/bin/thin:6:in `<top (required)>'
	from /home/pi/.rvm/gems/ruby-2.3.3/bin/thin:22:in `load'
	from /home/pi/.rvm/gems/ruby-2.3.3/bin/thin:22:in `<main>'
	from /home/pi/.rvm/gems/ruby-2.3.3/bin/ruby_executable_hooks:15:in `eval'
	from /home/pi/.rvm/gems/ruby-2.3.3/bin/ruby_executable_hooks:15:in `<main>'
Writing PID to tmp/pids/thin.3008.pid
Using rack adapter
Thin web server (v1.7.0 codename Dunder Mifflin)
Maximum connections set to 1024
Listening on 127.0.0.1:3008, CTRL+C to stop
