Writing PID to tmp/pids/thin.3001.pid
Using rack adapter
Thin web server (v1.7.0 codename Dunder Mifflin)
Maximum connections set to 1024
Listening on 127.0.0.1:3001, CTRL+C to stop
Exiting!
/home/pi/.rvm/gems/ruby-2.3.3/gems/activesupport-5.0.3/lib/active_support/dependencies.rb:293:in `require': cannot load such file -- thin/connection (LoadError)
	from /home/pi/.rvm/gems/ruby-2.3.3/gems/activesupport-5.0.3/lib/active_support/dependencies.rb:293:in `block in require'
	from /home/pi/.rvm/gems/ruby-2.3.3/gems/activesupport-5.0.3/lib/active_support/dependencies.rb:259:in `load_dependency'
	from /home/pi/.rvm/gems/ruby-2.3.3/gems/activesupport-5.0.3/lib/active_support/dependencies.rb:293:in `require'
	from /home/pi/.rvm/gems/ruby-2.3.3/gems/thin-1.7.0/lib/thin/backends/tcp_server.rb:16:in `connect'
	from /home/pi/.rvm/gems/ruby-2.3.3/gems/thin-1.7.0/lib/thin/backends/base.rb:63:in `block in start'
	from /home/pi/.rvm/gems/ruby-2.3.3/gems/eventmachine-1.2.1/lib/eventmachine.rb:194:in `run_machine'
	from /home/pi/.rvm/gems/ruby-2.3.3/gems/eventmachine-1.2.1/lib/eventmachine.rb:194:in `run'
	from /home/pi/.rvm/gems/ruby-2.3.3/gems/thin-1.7.0/lib/thin/backends/base.rb:73:in `start'
	from /home/pi/.rvm/gems/ruby-2.3.3/gems/thin-1.7.0/lib/thin/server.rb:162:in `start'
	from /home/pi/.rvm/gems/ruby-2.3.3/gems/thin-1.7.0/lib/thin/controllers/controller.rb:87:in `start'
	from /home/pi/.rvm/gems/ruby-2.3.3/gems/thin-1.7.0/lib/thin/runner.rb:200:in `run_command'
	from /home/pi/.rvm/gems/ruby-2.3.3/gems/thin-1.7.0/lib/thin/runner.rb:156:in `run!'
	from /home/pi/.rvm/gems/ruby-2.3.3/gems/thin-1.7.0/bin/thin:6:in `<top (required)>'
	from /home/pi/.rvm/gems/ruby-2.3.3/bin/thin:22:in `load'
	from /home/pi/.rvm/gems/ruby-2.3.3/bin/thin:22:in `<main>'
	from /home/pi/.rvm/gems/ruby-2.3.3/bin/ruby_executable_hooks:15:in `eval'
	from /home/pi/.rvm/gems/ruby-2.3.3/bin/ruby_executable_hooks:15:in `<main>'
